06:54:12 [info] Furnace version 0.6.1.
06:54:12 [debug] opening config for read: /home/killar/.config/furnace/furnace.cfg
06:54:12 [trace] trying: /home/killar/.config/furnace/furnace.cfg
06:54:12 [info] loading config.
06:54:12 [debug] end of file (Success)
06:54:12 [debug] setting default preset
06:54:12 [debug] preset size 132
06:54:12 [info] initializing audio.
06:54:12 [trace] listing audio devices
06:54:12 [trace] setting callback
06:54:12 [trace] calling init
06:54:12 [debug] SDL audio driver: pulseaudio
06:54:12 [trace] opening audio device...
06:54:12 [trace] got info: 2 channels, 1024 bufsize
06:54:12 [trace] allocating oscBuf...
06:54:12 [info] initializing MIDI.
06:54:12 [debug] listing devices.
06:54:12 [debug] got port count.
06:54:12 [info] opening MIDI input.
06:54:12 [debug] finding port USB MIDI Interface:USB MIDI Interface MIDI 1...
06:54:12 [trace] - 0: Midi Through:Midi Through Port-0
06:54:12 [trace] - 1: USB MIDI Interface:USB MIDI Interface MIDI 1
06:54:12 [debug] opening port 1...
06:54:12 [trace] no MIDI output device selected.
06:54:12 [trace] initAudioBackend done
06:54:12 [trace] creating blip_buf
06:54:12 [trace] setting blip rate of samp_bb (44100.000000)
06:54:12 [trace] initializing dispatch...
06:54:12 [debug] rendering samples...
06:54:12 [info] initializing GUI.
06:54:12 [trace] setting window type to NORMAL.
06:54:12 [debug] initializing video...
06:54:12 [trace] video backend: x11
06:54:12 [trace] scaling managed by application.
06:54:12 [debug] auto-detecting UI scale factor.
06:54:12 [debug] scale factor: 1.000000
06:54:12 [trace] loading image 0 to pool.
06:54:12 [trace] 256x256
06:54:12 [trace] portrait: 0 (1272x673)
06:54:12 [debug] bounds check: display 0 is at 1705x287x3575x1317: xy
06:54:12 [trace] window size: 1272x673
06:54:12 [info] render backend: OpenGL
06:54:12 [debug] creating window...
06:54:13 [trace] available render drivers:
06:54:13 [trace] - opengl
06:54:13 [trace] - opengles2
06:54:13 [trace] - software
06:54:13 [debug] starting render backend...
06:54:13 [trace] render backend started
06:54:13 [trace] canvas size: 1272x673
06:54:13 [debug] preparing user interface...
06:54:13 [debug] auto-detecting UI scale factor.
06:54:13 [debug] scale factor: 1.000000
06:54:13 [debug] building font...
06:54:13 [debug] preparing layout...
06:54:13 [info] done!
06:54:13 [debug] key input: event filter
06:54:13 [trace] window moved to 1680x290
06:54:13 [trace] window size changed to 1920x1052
06:54:13 [trace] portrait: 0 (1920x1052)
06:54:13 [debug] window resized to 1920x1052
06:54:13 [trace] window exposed
06:54:13 [trace] updateWindow is true
06:54:13 [debug] initializing small sinc integral table.
06:54:13 [trace] creating chan osc work pool
06:54:13 [debug] creating FFT plan for channel 0
06:54:13 [debug] creating FFT plan for channel 1
06:54:13 [debug] creating FFT plan for channel 2
06:54:13 [debug] creating FFT plan for channel 3
06:54:13 [debug] creating FFT plan for channel 4
06:54:13 [debug] creating FFT plan for channel 5
06:54:13 [debug] creating FFT plan for channel 6
06:54:13 [debug] creating FFT plan for channel 7
06:54:13 [debug] creating FFT plan for channel 8
06:54:13 [debug] creating FFT plan for channel 9
06:54:28 [trace] terminating dispatch...
06:54:28 [trace] initializing dispatch...
06:54:28 [debug] rendering samples...
06:54:30 [trace] finish selection: 0.0,0 - 0.0,0
06:54:30 [trace] finish selection: 0.0,1 - 0.0,1
06:54:31 [trace] finish selection: 0.0,2 - 0.0,2
06:54:32 [trace] finish selection: 0.0,63 - 0.0,63
06:54:32 [trace] finish selection: 0.0,63 - 0.0,63
06:54:35 [trace] finish selection: 0.0,0 - 0.0,0
06:54:35 [trace] finish selection: 0.0,0 - 0.0,0
06:54:36 [trace] finish selection: 0.0,0 - 0.0,0
06:54:36 [trace] finish selection: 0.0,0 - 0.0,0
06:54:36 [trace] finish selection: 0.0,1 - 0.0,1
06:54:36 [trace] finish selection: 0.0,1 - 0.0,1
06:54:37 [trace] finish selection: 0.0,2 - 0.0,2
06:54:37 [trace] finish selection: 0.0,1 - 0.0,1
06:54:38 [trace] finish selection: 0.0,0 - 0.0,0
06:54:45 [trace] backupPath: /home/killar/.config/furnace/backups
06:54:45 [trace] curFileName: 
06:54:45 [debug] saving backup...
06:54:45 [trace] writing file...
06:54:45 [debug] backup saved.
06:55:15 [trace] backupPath: /home/killar/.config/furnace/backups
06:55:15 [trace] curFileName: 
06:55:15 [debug] saving backup...
06:55:15 [trace] writing file...
06:55:15 [debug] backup saved.
06:55:45 [trace] backupPath: /home/killar/.config/furnace/backups
06:55:45 [trace] curFileName: 
06:55:45 [debug] saving backup...
06:55:45 [trace] writing file...
06:55:45 [debug] backup saved.
06:55:56 [trace] terminating dispatch...
06:55:56 [trace] initializing dispatch...
06:55:56 [debug] rendering samples...
06:57:20 [trace] terminating dispatch...
06:57:20 [trace] initializing dispatch...
06:57:20 [debug] rendering samples...
06:57:20 [debug] creating FFT plan for channel 10
06:57:20 [debug] creating FFT plan for channel 11
06:57:20 [debug] creating FFT plan for channel 12
06:57:23 [trace] finish selection: 5.0,0 - 5.0,0
06:57:23 [debug] growing dispatch 0 bbIn to 41814
06:57:51 [trace] terminating dispatch...
06:57:51 [trace] initializing dispatch...
06:57:51 [debug] rendering samples...
06:58:06 [trace] finish selection: 0.0,0 - 0.0,0
06:58:14 [trace] backupPath: /home/killar/.config/furnace/backups
06:58:14 [trace] curFileName: 
06:58:14 [debug] saving backup...
06:58:14 [trace] writing file...
06:58:14 [debug] backup saved.
06:58:44 [trace] backupPath: /home/killar/.config/furnace/backups
06:58:44 [trace] curFileName: 
06:58:44 [debug] saving backup...
06:58:44 [trace] writing file...
06:58:45 [debug] backup saved.
06:59:15 [trace] backupPath: /home/killar/.config/furnace/backups
06:59:15 [trace] curFileName: 
06:59:15 [debug] saving backup...
06:59:15 [trace] writing file...
06:59:15 [debug] backup saved.
06:59:45 [trace] backupPath: /home/killar/.config/furnace/backups
06:59:45 [trace] curFileName: 
06:59:45 [debug] saving backup...
06:59:45 [trace] writing file...
06:59:45 [debug] backup saved.
07:00:15 [trace] backupPath: /home/killar/.config/furnace/backups
07:00:15 [trace] curFileName: 
07:00:15 [debug] saving backup...
07:00:15 [trace] writing file...
07:00:15 [debug] backup saved.
07:00:45 [trace] backupPath: /home/killar/.config/furnace/backups
07:00:45 [trace] curFileName: 
07:00:45 [debug] saving backup...
07:00:45 [trace] writing file...
07:00:45 [debug] backup saved.
07:01:15 [trace] backupPath: /home/killar/.config/furnace/backups
07:01:15 [trace] curFileName: 
07:01:15 [debug] saving backup...
07:01:15 [trace] writing file...
07:01:15 [debug] backup saved.
07:01:45 [trace] backupPath: /home/killar/.config/furnace/backups
07:01:45 [trace] curFileName: 
07:01:45 [debug] saving backup...
07:01:45 [trace] writing file...
07:01:45 [debug] backup saved.
07:02:15 [trace] backupPath: /home/killar/.config/furnace/backups
07:02:15 [trace] curFileName: 
07:02:15 [debug] saving backup...
07:02:15 [trace] writing file...
07:02:15 [debug] backup saved.
07:02:45 [trace] backupPath: /home/killar/.config/furnace/backups
07:02:45 [trace] curFileName: 
07:02:45 [debug] saving backup...
07:02:45 [trace] writing file...
07:02:45 [debug] backup saved.
07:03:15 [trace] backupPath: /home/killar/.config/furnace/backups
07:03:15 [trace] curFileName: 
07:03:15 [debug] saving backup...
07:03:15 [trace] writing file...
07:03:15 [debug] backup saved.
07:03:45 [trace] backupPath: /home/killar/.config/furnace/backups
07:03:45 [trace] curFileName: 
07:03:45 [debug] saving backup...
07:03:45 [trace] writing file...
07:03:45 [debug] backup saved.
07:04:15 [trace] backupPath: /home/killar/.config/furnace/backups
07:04:15 [trace] curFileName: 
07:04:15 [debug] saving backup...
07:04:15 [trace] writing file...
07:04:15 [debug] backup saved.
07:04:45 [trace] backupPath: /home/killar/.config/furnace/backups
07:04:45 [trace] curFileName: 
07:04:45 [debug] saving backup...
07:04:45 [trace] writing file...
07:04:45 [debug] backup saved.
07:05:15 [trace] backupPath: /home/killar/.config/furnace/backups
07:05:15 [trace] curFileName: 
07:05:15 [debug] saving backup...
07:05:15 [trace] writing file...
07:05:15 [debug] backup saved.
07:05:45 [trace] backupPath: /home/killar/.config/furnace/backups
07:05:45 [trace] curFileName: 
07:05:45 [debug] saving backup...
07:05:45 [trace] writing file...
07:05:45 [debug] backup saved.
07:06:15 [trace] backupPath: /home/killar/.config/furnace/backups
07:06:15 [trace] curFileName: 
07:06:15 [debug] saving backup...
07:06:15 [trace] writing file...
07:06:15 [debug] backup saved.
07:06:45 [trace] backupPath: /home/killar/.config/furnace/backups
07:06:45 [trace] curFileName: 
07:06:45 [debug] saving backup...
07:06:45 [trace] writing file...
07:06:45 [debug] backup saved.
07:07:15 [trace] backupPath: /home/killar/.config/furnace/backups
07:07:15 [trace] curFileName: 
07:07:15 [debug] saving backup...
07:07:15 [trace] writing file...
07:07:15 [debug] backup saved.
07:07:45 [trace] backupPath: /home/killar/.config/furnace/backups
07:07:45 [trace] curFileName: 
07:07:45 [debug] saving backup...
07:07:45 [trace] writing file...
07:07:45 [debug] backup saved.
07:08:15 [trace] backupPath: /home/killar/.config/furnace/backups
07:08:15 [trace] curFileName: 
07:08:15 [debug] saving backup...
07:08:15 [trace] writing file...
07:08:15 [debug] backup saved.
07:08:15 [info] loading module...
07:08:15 [debug] trying zlib...
07:08:15 [info] module version 192 (0xc0)
07:08:15 [debug] systems:
07:08:15 [debug] - 0: 47 (Commodore 64 (6581))
07:08:15 [debug] - 1: 00 (Unknown)
07:08:15 [debug] - 2: 00 (Unknown)
07:08:15 [debug] - 3: 00 (Unknown)
07:08:15 [debug] - 4: 00 (Unknown)
07:08:15 [debug] - 5: 00 (Unknown)
07:08:15 [debug] - 6: 00 (Unknown)
07:08:15 [debug] - 7: 00 (Unknown)
07:08:15 [debug] - 8: 00 (Unknown)
07:08:15 [debug] - 9: 00 (Unknown)
07:08:15 [debug] - 10: 00 (Unknown)
07:08:15 [debug] - 11: 00 (Unknown)
07:08:15 [debug] - 12: 00 (Unknown)
07:08:15 [debug] - 13: 00 (Unknown)
07:08:15 [debug] - 14: 00 (Unknown)
07:08:15 [debug] - 15: 00 (Unknown)
07:08:15 [debug] - 16: 00 (Unknown)
07:08:15 [debug] - 17: 00 (Unknown)
07:08:15 [debug] - 18: 00 (Unknown)
07:08:15 [debug] - 19: 00 (Unknown)
07:08:15 [debug] - 20: 00 (Unknown)
07:08:15 [debug] - 21: 00 (Unknown)
07:08:15 [debug] - 22: 00 (Unknown)
07:08:15 [debug] - 23: 00 (Unknown)
07:08:15 [debug] - 24: 00 (Unknown)
07:08:15 [debug] - 25: 00 (Unknown)
07:08:15 [debug] - 26: 00 (Unknown)
07:08:15 [debug] - 27: 00 (Unknown)
07:08:15 [debug] - 28: 00 (Unknown)
07:08:15 [debug] - 29: 00 (Unknown)
07:08:15 [debug] - 30: 00 (Unknown)
07:08:15 [debug] - 31: 00 (Unknown)
07:08:15 [trace] system len: 1
07:08:15 [info]  by 
07:08:15 [debug] reading orders (1)...
07:08:15 [debug] reading chip flags...
07:08:15 [debug] reading asset directories...
07:08:15 [debug] reading instrument 0 at 2d7...
07:08:15 [trace] reading new instrument data...
07:08:15 [trace] data length: 977
07:08:15 [trace] - NA
07:08:15 [trace] - MA
07:08:15 [trace] - 64
07:08:15 [trace] - EN
07:08:15 [debug] reading pattern in 3d1...
07:08:15 [debug] - 0, 0, 0 (new)
07:08:15 [debug] reading pattern in 3fe...
07:08:15 [debug] - 0, 1, 0 (new)
07:08:15 [debug] reading pattern in 40c...
07:08:15 [debug] - 0, 2, 0 (new)
07:08:15 [trace] terminating dispatch...
07:08:15 [trace] initializing dispatch...
07:08:15 [debug] rendering samples...
07:08:17 [trace] playSub() called
07:08:17 [trace] goal: 0 goalRow: 0
07:08:17 [trace] playSub() took 16µs
07:08:27 [trace] end of orders reached
07:08:27 [debug] last loop pos: 191 for a size of 1024 and runLeftG of 213414
07:08:37 [trace] end of orders reached
07:08:38 [debug] last loop pos: 381 for a size of 1024 and runLeftG of 164684
07:08:48 [trace] end of orders reached
07:08:48 [debug] last loop pos: 572 for a size of 1024 and runLeftG of 115954
07:08:58 [trace] end of orders reached
07:08:58 [debug] last loop pos: 762 for a size of 1024 and runLeftG of 67224
07:09:08 [trace] backupPath: /home/killar/.config/furnace/backups
07:09:08 [trace] curFileName: /home/killar/Documents/furnace/projects/NES/guntlettiii.fur
07:09:08 [debug] saving backup...
07:09:08 [trace] writing file...
07:09:08 [debug] backup saved.
07:09:08 [trace] end of orders reached
07:09:08 [debug] last loop pos: 952 for a size of 1024 and runLeftG of 18494
07:09:18 [trace] end of orders reached
07:09:18 [debug] last loop pos: 119 for a size of 1024 and runLeftG of 231908
07:09:28 [trace] end of orders reached
07:09:28 [debug] last loop pos: 309 for a size of 1024 and runLeftG of 183178
07:09:38 [trace] backupPath: /home/killar/.config/furnace/backups
07:09:38 [trace] curFileName: /home/killar/Documents/furnace/projects/NES/guntlettiii.fur
07:09:38 [debug] saving backup...
07:09:38 [trace] writing file...
07:09:38 [debug] backup saved.
07:09:38 [trace] end of orders reached
07:09:39 [debug] last loop pos: 499 for a size of 1024 and runLeftG of 134447
07:09:49 [trace] end of orders reached
07:09:49 [debug] last loop pos: 690 for a size of 1024 and runLeftG of 85717
07:09:59 [trace] end of orders reached
07:09:59 [debug] last loop pos: 880 for a size of 1024 and runLeftG of 36987
07:10:08 [trace] backupPath: /home/killar/.config/furnace/backups
07:10:08 [trace] curFileName: /home/killar/Documents/furnace/projects/NES/guntlettiii.fur
07:10:08 [debug] saving backup...
07:10:08 [trace] writing file...
07:10:08 [debug] backup saved.
07:10:08 [trace] finish selection: 0.0,0 - 0.4,84
07:10:08 [trace] finish selection: 2.0,82 - 2.0,82
07:10:10 [debug] saving file...
07:10:10 [trace] opening file for writing...
07:10:10 [debug] save complete.
07:10:14 [debug] opening save file dialog with curPath /home/killar/Documents/furnace/presets/MD/
07:10:22 [debug] returning 
07:10:22 [debug] curPath: /home/killar/Documents/furnace/presets/MD
07:10:28 [info] loading module...
07:10:28 [debug] trying zlib...
07:10:28 [info] module version 192 (0xc0)
07:10:28 [debug] systems:
07:10:28 [debug] - 0: 06 (NES (Ricoh 2A03))
07:10:28 [debug] - 1: 00 (Unknown)
07:10:28 [debug] - 2: 00 (Unknown)
07:10:28 [debug] - 3: 00 (Unknown)
07:10:28 [debug] - 4: 00 (Unknown)
07:10:28 [debug] - 5: 00 (Unknown)
07:10:28 [debug] - 6: 00 (Unknown)
07:10:28 [debug] - 7: 00 (Unknown)
07:10:28 [debug] - 8: 00 (Unknown)
07:10:28 [debug] - 9: 00 (Unknown)
07:10:28 [debug] - 10: 00 (Unknown)
07:10:28 [debug] - 11: 00 (Unknown)
07:10:28 [debug] - 12: 00 (Unknown)
07:10:28 [debug] - 13: 00 (Unknown)
07:10:28 [debug] - 14: 00 (Unknown)
07:10:28 [debug] - 15: 00 (Unknown)
07:10:28 [debug] - 16: 00 (Unknown)
07:10:28 [debug] - 17: 00 (Unknown)
07:10:28 [debug] - 18: 00 (Unknown)
07:10:28 [debug] - 19: 00 (Unknown)
07:10:28 [debug] - 20: 00 (Unknown)
07:10:28 [debug] - 21: 00 (Unknown)
07:10:28 [debug] - 22: 00 (Unknown)
07:10:28 [debug] - 23: 00 (Unknown)
07:10:28 [debug] - 24: 00 (Unknown)
07:10:28 [debug] - 25: 00 (Unknown)
07:10:28 [debug] - 26: 00 (Unknown)
07:10:28 [debug] - 27: 00 (Unknown)
07:10:28 [debug] - 28: 00 (Unknown)
07:10:28 [debug] - 29: 00 (Unknown)
07:10:28 [debug] - 30: 00 (Unknown)
07:10:28 [debug] - 31: 00 (Unknown)
07:10:28 [trace] system len: 1
07:10:28 [info]  by 
07:10:28 [debug] reading orders (2)...
07:10:28 [debug] reading chip flags...
07:10:28 [debug] reading asset directories...
07:10:28 [debug] reading instrument 0 at 2cc...
07:10:28 [trace] reading new instrument data...
07:10:28 [trace] data length: 759
07:10:28 [trace] - NA
07:10:28 [trace] - EN
07:10:28 [debug] reading pattern in 2f7...
07:10:28 [debug] - 0, 0, 0 (new)
07:10:28 [debug] reading pattern in 305...
07:10:28 [debug] - 0, 1, 0 (new)
07:10:28 [debug] reading pattern in 313...
07:10:28 [debug] - 0, 2, 0 (new)
07:10:28 [debug] reading pattern in 380...
07:10:28 [debug] - 0, 2, 1 (new)
07:10:28 [debug] reading pattern in 3e7...
07:10:28 [debug] - 0, 3, 0 (new)
07:10:28 [debug] reading pattern in 3f5...
07:10:28 [debug] - 0, 4, 0 (new)
07:10:28 [trace] terminating dispatch...
07:10:28 [trace] initializing dispatch...
07:10:28 [debug] rendering samples...
07:10:29 [trace] playSub() called
07:10:29 [trace] goal: 0 goalRow: 0
07:10:29 [trace] playSub() took 25µs
07:10:29 [debug] growing dispatch 0 bbIn to 41814
07:10:35 [trace] end of orders reached
07:10:35 [debug] last loop pos: 640 for a size of 1024 and runLeftG of 98304
07:10:38 [trace] finish selection: 2.3,59 - 2.3,59
07:11:13 [trace] finish selection: 2.3,59 - 2.3,59
07:11:25 [trace] finish selection: 2.3,59 - 2.3,59
07:11:27 [trace] playSub() called
07:11:27 [trace] goal: 1 goalRow: 0
07:11:27 [trace] playSub() took 79µs
07:11:30 [trace] end of orders reached
07:11:30 [debug] last loop pos: 832 for a size of 1024 and runLeftG of 49152
07:11:33 [trace] playSub() called
07:11:33 [trace] goal: 1 goalRow: 0
07:11:33 [trace] playSub() took 88µs
07:11:41 [trace] finish selection: 2.0,54 - 2.0,54
07:11:42 [trace] finish selection: 2.0,54 - 2.0,54
07:11:43 [trace] finish selection: 2.0,55 - 2.0,55
07:11:43 [trace] finish selection: 2.0,54 - 2.0,54
07:11:46 [trace] backupPath: /home/killar/.config/furnace/backups
07:11:46 [trace] curFileName: /home/killar/Documents/furnace/projects/NES/kirby_title.fur
07:11:46 [debug] saving backup...
07:11:46 [trace] writing file...
07:11:46 [debug] backup saved.
07:11:47 [trace] playSub() called
07:11:47 [trace] goal: 0 goalRow: 0
07:11:47 [trace] playSub() took 20µs
07:11:54 [trace] finish selection: 2.0,0 - 2.0,63
07:11:56 [trace] finish selection: 2.0,0 - 2.0,63
07:11:58 [trace] playSub() called
07:11:58 [trace] goal: 0 goalRow: 0
07:11:58 [trace] playSub() took 21µs
07:12:04 [trace] end of orders reached
07:12:04 [debug] last loop pos: 640 for a size of 1024 and runLeftG of 98304
07:12:05 [trace] finish selection: 2.0,0 - 2.0,0
07:12:09 [trace] finish selection: 2.0,0 - 2.0,63
07:12:11 [trace] end of orders reached
07:12:11 [debug] last loop pos: 256 for a size of 1024 and runLeftG of 196608
07:12:11 [trace] finish selection: 2.0,0 - 2.0,63
07:12:12 [trace] finish selection: 2.2,48 - 2.2,48
07:12:13 [trace] finish selection: 2.2,47 - 2.2,47
07:12:16 [trace] backupPath: /home/killar/.config/furnace/backups
07:12:16 [trace] curFileName: /home/killar/Documents/furnace/projects/NES/kirby_title.fur
07:12:16 [debug] saving backup...
07:12:16 [trace] writing file...
07:12:16 [debug] backup saved.
07:12:17 [trace] end of orders reached
07:12:17 [debug] last loop pos: 896 for a size of 1024 and runLeftG of 32768
07:12:19 [trace] finish selection: 2.3,59 - 2.3,59
07:12:20 [trace] finish selection: 2.3,59 - 2.3,59
07:12:20 [trace] finish selection: 2.3,59 - 2.3,59
07:12:20 [trace] finish selection: 2.3,60 - 2.3,60
07:12:21 [trace] finish selection: 2.3,60 - 2.3,60
07:12:21 [trace] finish selection: 2.3,59 - 2.3,59
07:12:21 [trace] finish selection: 2.3,58 - 2.3,58
07:12:22 [trace] finish selection: 2.3,57 - 2.3,57
07:12:23 [trace] playSub() called
07:12:23 [trace] goal: 1 goalRow: 0
07:12:23 [trace] playSub() took 78µs
07:12:30 [trace] finish selection: 2.3,57 - 2.3,57
07:12:42 [trace] finish selection: 2.3,57 - 2.3,57
07:12:44 [trace] playSub() called
07:12:44 [trace] goal: 1 goalRow: 0
07:12:44 [trace] playSub() took 86µs
07:12:46 [trace] backupPath: /home/killar/.config/furnace/backups
07:12:46 [trace] curFileName: /home/killar/Documents/furnace/projects/NES/kirby_title.fur
07:12:46 [debug] saving backup...
07:12:46 [trace] writing file...
07:12:46 [debug] backup saved.
07:12:47 [trace] end of orders reached
07:12:47 [debug] last loop pos: 832 for a size of 1024 and runLeftG of 49152
07:12:48 [trace] playSub() called
07:12:48 [trace] goal: 1 goalRow: 0
07:12:48 [trace] playSub() took 92µs
07:12:51 [trace] end of orders reached
07:12:59 [trace] playSub() called
07:12:59 [trace] goal: 0 goalRow: 0
07:12:59 [trace] playSub() took 23µs
07:13:06 [trace] end of orders reached
07:13:06 [debug] last loop pos: 640 for a size of 1024 and runLeftG of 98304
07:13:09 [trace] finish selection: 2.0,56 - 2.4,57
07:13:10 [trace] finish selection: 2.0,56 - 2.4,57
07:13:11 [trace] finish selection: 2.0,57 - 2.1,57
07:13:12 [trace] finish selection: 2.0,57 - 2.1,57
07:13:12 [trace] end of orders reached
07:13:12 [debug] last loop pos: 256 for a size of 1024 and runLeftG of 196608
07:13:14 [trace] finish selection: 2.0,57 - 2.4,58
07:13:15 [trace] finish selection: 2.0,57 - 2.4,58
07:13:16 [trace] finish selection: 2.0,58 - 2.0,58
07:13:16 [trace] finish selection: 2.0,58 - 2.0,58
07:13:16 [trace] backupPath: /home/killar/.config/furnace/backups
07:13:16 [trace] curFileName: /home/killar/Documents/furnace/projects/NES/kirby_title.fur
07:13:16 [debug] saving backup...
07:13:16 [trace] writing file...
07:13:16 [debug] backup saved.
07:13:19 [trace] end of orders reached
07:13:19 [debug] last loop pos: 896 for a size of 1024 and runLeftG of 32768
07:13:27 [trace] finish selection: 2.0,58 - 2.4,59
07:13:28 [trace] finish selection: 2.0,58 - 2.4,59
07:13:29 [trace] finish selection: 2.0,56 - 2.0,56
07:13:29 [trace] finish selection: 2.0,56 - 2.0,56
07:13:30 [debug] saving file...
07:13:30 [trace] opening file for writing...
07:13:30 [debug] save complete.
07:14:08 [trace] finish selection: 2.3,57 - 2.3,57
07:14:09 [trace] finish selection: 2.3,57 - 2.3,57
07:14:22 [trace] finish selection: 2.3,57 - 2.4,57
07:14:23 [trace] finish selection: 2.3,57 - 2.4,57
07:14:24 [trace] finish selection: 2.0,63 - 2.0,63
07:14:25 [trace] finish selection: 2.0,63 - 2.0,63
07:14:34 [trace] finish selection: 1.4,0 - 1.4,0
07:14:36 [trace] finish selection: 2.0,0 - 2.0,0
07:14:36 [trace] finish selection: 2.0,0 - 2.0,0
07:14:39 [trace] finish selection: 2.0,0 - 2.0,0
07:14:39 [trace] backupPath: /home/killar/.config/furnace/backups
07:14:39 [trace] curFileName: /home/killar/Documents/furnace/projects/NES/kirby_title.fur
07:14:39 [debug] saving backup...
07:14:39 [trace] writing file...
07:14:40 [debug] backup saved.
07:14:44 [trace] finish selection: 2.0,56 - 2.0,56
07:14:44 [trace] finish selection: 2.0,56 - 2.0,56
07:14:48 [trace] finish selection: 2.0,0 - 2.0,0
07:14:48 [trace] finish selection: 2.0,0 - 2.0,0
07:14:53 [trace] finish selection: 2.0,56 - 2.1,56
07:14:53 [trace] finish selection: 2.0,56 - 2.1,56
07:15:05 [trace] finish selection: 2.0,58 - 2.0,58
07:15:07 [trace] finish selection: 2.0,59 - 2.0,59
07:15:08 [trace] finish selection: 2.0,60 - 2.0,60
07:15:10 [trace] backupPath: /home/killar/.config/furnace/backups
07:15:10 [trace] curFileName: /home/killar/Documents/furnace/projects/NES/kirby_title.fur
07:15:10 [debug] saving backup...
07:15:10 [trace] writing file...
07:15:10 [debug] backup saved.
07:15:12 [trace] finish selection: 2.0,60 - 2.0,60
07:15:17 [trace] finish selection: 2.0,60 - 2.0,60
07:15:18 [trace] finish selection: 2.0,60 - 2.0,60
07:15:19 [debug] saving file...
07:15:19 [trace] opening file for writing...
07:15:19 [debug] save complete.
07:15:23 [trace] playSub() called
07:15:23 [trace] goal: 1 goalRow: 0
07:15:23 [trace] playSub() took 79µs
07:15:31 [trace] finish selection: 2.4,0 - 2.4,0
07:15:33 [trace] finish selection: 2.4,0 - 2.4,0
07:15:34 [trace] playSub() called
07:15:34 [trace] goal: 2 goalRow: 0
07:15:34 [trace] playSub() took 143µs
07:15:35 [trace] playSub() called
07:15:35 [trace] goal: 2 goalRow: 0
07:15:35 [trace] playSub() took 139µs
07:15:35 [trace] playSub() called
07:15:35 [trace] goal: 2 goalRow: 0
07:15:35 [trace] playSub() took 127µs
07:15:37 [trace] playSub() called
07:15:37 [trace] goal: 1 goalRow: 0
07:15:37 [trace] playSub() took 93µs
07:15:40 [trace] loop reached
07:15:40 [debug] last loop pos: 832 for a size of 1024 and runLeftG of 49152
07:15:41 [trace] playSub() called
07:15:41 [trace] goal: 1 goalRow: 0
07:15:41 [trace] playSub() took 94µs
07:15:41 [trace] playSub() called
07:15:41 [trace] goal: 1 goalRow: 0
07:15:41 [trace] playSub() took 82µs
07:15:41 [trace] playSub() called
07:15:41 [trace] goal: 1 goalRow: 0
07:15:41 [trace] playSub() took 85µs
07:15:41 [trace] playSub() called
07:15:41 [trace] goal: 1 goalRow: 0
07:15:41 [trace] playSub() took 78µs
07:15:49 [trace] finish selection: 2.0,4 - 2.0,4
07:15:53 [trace] finish selection: 2.0,4 - 2.0,4
07:15:54 [trace] backupPath: /home/killar/.config/furnace/backups
07:15:54 [trace] curFileName: /home/killar/Documents/furnace/projects/NES/kirby_title.fur
07:15:54 [debug] saving backup...
07:15:54 [trace] writing file...
07:15:54 [debug] backup saved.
07:15:55 [trace] finish selection: 2.0,5 - 2.0,5
07:15:55 [trace] finish selection: 2.0,4 - 2.0,4
07:15:56 [trace] playSub() called
07:15:56 [trace] goal: 2 goalRow: 0
07:15:56 [trace] playSub() took 140µs
07:16:24 [trace] backupPath: /home/killar/.config/furnace/backups
07:16:24 [trace] curFileName: /home/killar/Documents/furnace/projects/NES/kirby_title.fur
07:16:24 [debug] saving backup...
07:16:24 [trace] writing file...
07:16:24 [debug] backup saved.
07:16:54 [trace] backupPath: /home/killar/.config/furnace/backups
07:16:54 [trace] curFileName: /home/killar/Documents/furnace/projects/NES/kirby_title.fur
07:16:54 [debug] saving backup...
07:16:54 [trace] writing file...
07:16:54 [debug] backup saved.
07:17:17 [trace] playSub() called
07:17:17 [trace] goal: 2 goalRow: 0
07:17:17 [trace] playSub() took 133µs
07:17:21 [trace] playSub() called
07:17:21 [trace] goal: 0 goalRow: 0
07:17:21 [trace] playSub() took 18µs
07:17:24 [trace] backupPath: /home/killar/.config/furnace/backups
07:17:24 [trace] curFileName: /home/killar/Documents/furnace/projects/NES/kirby_title.fur
07:17:24 [debug] saving backup...
07:17:24 [trace] writing file...
07:17:24 [debug] backup saved.
07:17:29 [debug] opening load file dialog with curPath /home/killar/Documents/furnace/presets/MD/
07:17:38 [debug] - returning /home/killar/Documents/furnace/presets/triangle_drum.fui
07:17:38 [debug] curPath: /home/killar/Documents/furnace/presets
07:17:38 [trace] found a new Furnace ins
07:17:38 [trace] reading new instrument data...
07:17:38 [trace] data length: 60
07:17:38 [trace] - NA
07:17:38 [trace] - MA
07:17:39 [trace] finish selection: 2.0,0 - 2.0,0
07:17:41 [trace] finish selection: 2.0,0 - 2.0,0
07:17:41 [trace] finish selection: 2.0,1 - 2.0,1
07:17:42 [trace] finish selection: 2.0,2 - 2.0,2
07:17:54 [trace] backupPath: /home/killar/.config/furnace/backups
07:17:54 [trace] curFileName: /home/killar/Documents/furnace/projects/NES/kirby_title.fur
07:17:54 [debug] saving backup...
07:17:54 [trace] writing file...
07:17:54 [debug] backup saved.
07:17:56 [trace] finish selection: 2.0,3 - 2.0,3
07:17:56 [trace] finish selection: 2.0,4 - 2.0,4
07:17:56 [trace] finish selection: 2.0,5 - 2.0,5
07:17:58 [trace] playSub() called
07:17:58 [trace] goal: 0 goalRow: 0
07:17:58 [trace] playSub() took 16µs
07:17:59 [trace] playSub() called
07:17:59 [trace] goal: 0 goalRow: 0
07:17:59 [trace] playSub() took 15µs
07:18:02 [trace] finish selection: 2.0,11 - 2.0,11
07:18:05 [trace] finish selection: 2.0,11 - 2.0,11
07:18:05 [trace] finish selection: 2.0,12 - 2.0,12
07:18:06 [trace] finish selection: 2.0,13 - 2.0,13
07:18:06 [trace] finish selection: 2.0,14 - 2.0,14
07:18:06 [trace] finish selection: 2.0,15 - 2.0,15
07:18:06 [trace] finish selection: 2.0,16 - 2.0,16
07:18:06 [trace] finish selection: 2.0,17 - 2.0,17
07:18:07 [trace] finish selection: 2.0,18 - 2.0,18
07:18:07 [trace] finish selection: 2.0,19 - 2.0,19
07:18:08 [trace] finish selection: 2.0,20 - 2.0,20
07:18:08 [trace] finish selection: 2.0,21 - 2.0,21
07:18:08 [trace] finish selection: 2.0,22 - 2.0,22
07:18:08 [trace] finish selection: 2.0,23 - 2.0,23
07:18:08 [trace] finish selection: 2.0,24 - 2.0,24
07:18:09 [trace] finish selection: 2.0,25 - 2.0,25
07:18:09 [trace] finish selection: 2.0,26 - 2.0,26
07:18:09 [trace] finish selection: 2.0,27 - 2.0,27
07:18:09 [trace] finish selection: 2.0,28 - 2.0,28
07:18:09 [trace] finish selection: 2.0,29 - 2.0,29
07:18:10 [trace] finish selection: 2.0,30 - 2.0,30
07:18:10 [trace] finish selection: 2.0,31 - 2.0,31
07:18:10 [trace] finish selection: 2.0,32 - 2.0,32
07:18:10 [trace] finish selection: 2.0,33 - 2.0,33
07:18:10 [trace] finish selection: 2.0,34 - 2.0,34
07:18:11 [trace] finish selection: 2.0,35 - 2.0,35
07:18:11 [trace] finish selection: 2.0,36 - 2.0,36
07:18:11 [trace] finish selection: 2.0,37 - 2.0,37
07:18:11 [trace] finish selection: 2.0,38 - 2.0,38
07:18:12 [trace] finish selection: 2.0,39 - 2.0,39
07:18:12 [trace] finish selection: 2.0,40 - 2.0,40
07:18:12 [trace] finish selection: 2.0,41 - 2.0,41
07:18:12 [trace] finish selection: 2.0,42 - 2.0,42
07:18:12 [trace] finish selection: 2.0,43 - 2.0,43
07:18:13 [trace] finish selection: 2.0,44 - 2.0,44
07:18:13 [trace] finish selection: 2.0,45 - 2.0,45
07:18:13 [trace] finish selection: 2.0,46 - 2.0,46
07:18:14 [trace] finish selection: 2.0,47 - 2.0,47
07:18:14 [trace] finish selection: 2.0,48 - 2.0,48
07:18:14 [trace] finish selection: 2.0,49 - 2.0,49
07:18:14 [trace] finish selection: 2.0,50 - 2.0,50
07:18:15 [trace] finish selection: 2.0,51 - 2.0,51
07:18:15 [trace] finish selection: 2.0,52 - 2.0,52
07:18:17 [trace] finish selection: 2.0,53 - 2.0,53
07:18:17 [trace] finish selection: 2.0,54 - 2.0,54
07:18:17 [trace] finish selection: 2.0,55 - 2.0,55
07:18:20 [trace] playSub() called
07:18:20 [trace] goal: 0 goalRow: 0
07:18:20 [trace] playSub() took 20µs
07:18:24 [trace] backupPath: /home/killar/.config/furnace/backups
07:18:24 [trace] curFileName: /home/killar/Documents/furnace/projects/NES/kirby_title.fur
07:18:24 [debug] saving backup...
07:18:24 [trace] writing file...
07:18:24 [debug] backup saved.
07:18:26 [trace] playSub() called
07:18:26 [trace] goal: 0 goalRow: 0
07:18:26 [trace] playSub() took 13µs
07:18:31 [trace] playSub() called
07:18:31 [trace] goal: 0 goalRow: 0
07:18:31 [trace] playSub() took 17µs
07:18:40 [trace] finish selection: 2.0,43 - 2.0,43
07:18:41 [trace] finish selection: 2.0,43 - 2.0,43
07:18:41 [trace] finish selection: 2.0,44 - 2.0,44
07:18:41 [trace] finish selection: 2.0,45 - 2.0,45
07:18:42 [trace] finish selection: 2.0,46 - 2.0,46
07:18:42 [trace] finish selection: 2.0,47 - 2.0,47
07:18:42 [trace] finish selection: 2.0,48 - 2.0,48
07:18:42 [trace] finish selection: 2.0,49 - 2.0,49
07:18:42 [trace] finish selection: 2.0,50 - 2.0,50
07:18:43 [trace] finish selection: 2.0,51 - 2.0,51
07:18:45 [trace] playSub() called
07:18:45 [trace] goal: 0 goalRow: 0
07:18:45 [trace] playSub() took 17µs
07:18:54 [trace] backupPath: /home/killar/.config/furnace/backups
07:18:54 [trace] curFileName: /home/killar/Documents/furnace/projects/NES/kirby_title.fur
07:18:54 [debug] saving backup...
07:18:54 [trace] writing file...
07:18:54 [debug] backup saved.
07:18:55 [trace] end of orders reached
07:18:55 [debug] last loop pos: 448 for a size of 1024 and runLeftG of 147456
07:19:04 [trace] end of orders reached
07:19:04 [debug] last loop pos: 896 for a size of 1024 and runLeftG of 32768
07:19:14 [trace] end of orders reached
07:19:14 [debug] last loop pos: 320 for a size of 1024 and runLeftG of 180224
07:19:24 [trace] end of orders reached
07:19:24 [debug] last loop pos: 768 for a size of 1024 and runLeftG of 65536
07:19:24 [trace] backupPath: /home/killar/.config/furnace/backups
07:19:24 [trace] curFileName: /home/killar/Documents/furnace/projects/NES/kirby_title.fur
07:19:24 [debug] saving backup...
07:19:24 [trace] writing file...
07:19:24 [debug] backup saved.
07:19:33 [trace] end of orders reached
07:19:33 [debug] last loop pos: 192 for a size of 1024 and runLeftG of 212992
07:19:43 [trace] end of orders reached
07:19:43 [debug] last loop pos: 640 for a size of 1024 and runLeftG of 98304
07:19:52 [trace] end of orders reached
07:19:52 [debug] last loop pos: 64 for a size of 1024 and runLeftG of 245760
07:19:54 [trace] backupPath: /home/killar/.config/furnace/backups
07:19:54 [trace] curFileName: /home/killar/Documents/furnace/projects/NES/kirby_title.fur
07:19:54 [debug] saving backup...
07:19:54 [trace] writing file...
07:19:54 [debug] backup saved.
07:20:02 [trace] end of orders reached
07:20:02 [debug] last loop pos: 512 for a size of 1024 and runLeftG of 131072
07:20:12 [trace] end of orders reached
07:20:12 [debug] last loop pos: 960 for a size of 1024 and runLeftG of 16384
07:20:21 [trace] end of orders reached
07:20:21 [debug] last loop pos: 384 for a size of 1024 and runLeftG of 163840
07:20:24 [trace] backupPath: /home/killar/.config/furnace/backups
07:20:24 [trace] curFileName: /home/killar/Documents/furnace/projects/NES/kirby_title.fur
07:20:24 [debug] saving backup...
07:20:24 [trace] writing file...
07:20:24 [debug] backup saved.
07:20:31 [trace] end of orders reached
07:20:31 [debug] last loop pos: 832 for a size of 1024 and runLeftG of 49152
07:20:40 [trace] end of orders reached
07:20:40 [debug] last loop pos: 256 for a size of 1024 and runLeftG of 196608
07:20:50 [trace] end of orders reached
07:20:50 [debug] last loop pos: 704 for a size of 1024 and runLeftG of 81920
07:20:54 [trace] backupPath: /home/killar/.config/furnace/backups
07:20:54 [trace] curFileName: /home/killar/Documents/furnace/projects/NES/kirby_title.fur
07:20:54 [debug] saving backup...
07:20:54 [trace] writing file...
07:20:54 [debug] backup saved.
07:21:00 [trace] end of orders reached
07:21:00 [debug] last loop pos: 128 for a size of 1024 and runLeftG of 229376
07:21:02 [trace] playSub() called
07:21:02 [trace] goal: 0 goalRow: 0
07:21:02 [trace] playSub() took 14µs
07:21:07 [trace] playSub() called
07:21:07 [trace] goal: 0 goalRow: 0
07:21:07 [trace] playSub() took 16µs
07:21:11 [trace] playSub() called
07:21:11 [trace] goal: 0 goalRow: 0
07:21:11 [trace] playSub() took 13µs
07:21:20 [trace] finish selection: 2.0,11 - 2.0,11
07:21:23 [trace] finish selection: 2.0,11 - 2.0,11
07:21:25 [trace] backupPath: /home/killar/.config/furnace/backups
07:21:25 [trace] curFileName: /home/killar/Documents/furnace/projects/NES/kirby_title.fur
07:21:25 [debug] saving backup...
07:21:25 [trace] writing file...
07:21:25 [debug] backup saved.
07:21:25 [trace] finish selection: 2.0,12 - 2.0,12
07:21:26 [trace] finish selection: 2.0,11 - 2.0,11
07:21:27 [trace] finish selection: 2.0,12 - 2.0,12
07:21:40 [trace] finish selection: 2.0,11 - 2.0,11
07:21:40 [trace] finish selection: 2.0,10 - 2.0,10
07:21:42 [trace] finish selection: 2.0,11 - 2.0,11
07:21:42 [trace] finish selection: 2.0,12 - 2.0,12
07:21:42 [trace] finish selection: 2.0,11 - 2.0,11
07:21:42 [trace] finish selection: 2.0,10 - 2.0,10
07:21:43 [trace] finish selection: 2.0,9 - 2.0,9
07:21:43 [trace] finish selection: 2.0,8 - 2.0,8
07:21:43 [trace] finish selection: 2.0,7 - 2.0,7
07:21:43 [trace] finish selection: 2.0,6 - 2.0,6
07:21:43 [trace] finish selection: 2.0,5 - 2.0,5
07:21:43 [trace] finish selection: 2.0,4 - 2.0,4
07:21:44 [trace] finish selection: 2.0,3 - 2.0,3
07:21:44 [trace] finish selection: 2.0,4 - 2.0,4
07:21:44 [trace] finish selection: 2.0,5 - 2.0,5
07:21:45 [trace] finish selection: 2.0,6 - 2.0,6
07:21:45 [trace] finish selection: 2.0,7 - 2.0,7
07:21:45 [trace] finish selection: 2.0,8 - 2.0,8
07:21:45 [trace] finish selection: 2.0,9 - 2.0,9
07:21:45 [trace] finish selection: 2.0,10 - 2.0,10
07:21:45 [trace] finish selection: 2.0,11 - 2.0,11
07:21:45 [trace] finish selection: 2.0,12 - 2.0,12
07:21:45 [trace] finish selection: 2.0,13 - 2.0,13
07:21:45 [trace] finish selection: 2.0,14 - 2.0,14
07:21:45 [trace] finish selection: 2.0,15 - 2.0,15
07:21:45 [trace] finish selection: 2.0,16 - 2.0,16
07:21:45 [trace] finish selection: 2.0,17 - 2.0,17
07:21:45 [trace] finish selection: 2.0,18 - 2.0,18
07:21:45 [trace] finish selection: 2.0,19 - 2.0,19
07:21:45 [trace] finish selection: 2.0,20 - 2.0,20
07:21:46 [trace] finish selection: 2.0,21 - 2.0,21
07:21:46 [trace] finish selection: 2.0,22 - 2.0,22
07:21:46 [trace] finish selection: 2.0,23 - 2.0,23
07:21:46 [trace] finish selection: 2.0,24 - 2.0,24
07:21:46 [trace] finish selection: 2.0,25 - 2.0,25
07:21:47 [trace] finish selection: 2.0,26 - 2.0,26
07:21:47 [trace] finish selection: 2.0,27 - 2.0,27
07:21:47 [trace] finish selection: 2.0,28 - 2.0,28
07:21:48 [trace] finish selection: 2.0,29 - 2.0,29
07:21:48 [trace] finish selection: 2.0,30 - 2.0,30
07:21:48 [trace] finish selection: 2.0,31 - 2.0,31
07:21:48 [trace] finish selection: 2.0,32 - 2.0,32
07:21:48 [trace] finish selection: 2.0,33 - 2.0,33
07:21:49 [trace] finish selection: 2.0,34 - 2.0,34
07:21:49 [trace] finish selection: 2.0,35 - 2.0,35
07:21:49 [trace] finish selection: 2.0,36 - 2.0,36
07:21:49 [trace] finish selection: 2.0,37 - 2.0,37
07:21:49 [trace] finish selection: 2.0,38 - 2.0,38
07:21:50 [trace] finish selection: 2.0,39 - 2.0,39
07:21:50 [trace] finish selection: 2.0,40 - 2.0,40
07:21:50 [trace] finish selection: 2.0,41 - 2.0,41
07:21:50 [trace] finish selection: 2.0,42 - 2.0,42
07:21:51 [trace] finish selection: 2.0,43 - 2.0,43
07:21:51 [trace] finish selection: 2.0,44 - 2.0,44
07:21:51 [trace] finish selection: 2.0,45 - 2.0,45
07:21:51 [trace] finish selection: 2.0,46 - 2.0,46
07:21:52 [trace] finish selection: 2.0,47 - 2.0,47
07:21:52 [trace] finish selection: 2.0,46 - 2.0,46
07:21:52 [trace] finish selection: 2.0,45 - 2.0,45
07:21:53 [trace] finish selection: 2.0,44 - 2.0,44
07:21:53 [trace] finish selection: 2.0,45 - 2.0,45
07:21:54 [trace] finish selection: 2.0,46 - 2.0,46
07:21:54 [trace] finish selection: 2.0,47 - 2.0,47
07:21:54 [trace] finish selection: 2.0,48 - 2.0,48
07:21:54 [trace] finish selection: 2.0,49 - 2.0,49
07:21:55 [trace] backupPath: /home/killar/.config/furnace/backups
07:21:55 [trace] curFileName: /home/killar/Documents/furnace/projects/NES/kirby_title.fur
07:21:55 [debug] saving backup...
07:21:55 [trace] writing file...
07:21:55 [debug] backup saved.
07:21:55 [trace] finish selection: 2.0,50 - 2.0,50
07:21:55 [trace] finish selection: 2.0,51 - 2.0,51
07:21:55 [trace] finish selection: 2.0,52 - 2.0,52
07:21:55 [trace] finish selection: 2.0,53 - 2.0,53
07:21:56 [trace] finish selection: 2.0,54 - 2.0,54
07:21:56 [trace] finish selection: 2.0,55 - 2.0,55
07:21:57 [trace] playSub() called
07:21:57 [trace] goal: 0 goalRow: 0
07:21:57 [trace] playSub() took 19µs
07:22:03 [trace] finish selection: 2.0,3 - 2.0,3
07:22:07 [trace] end of orders reached
07:22:07 [debug] last loop pos: 448 for a size of 1024 and runLeftG of 147456
07:22:17 [trace] finish selection: 2.0,3 - 2.0,3
07:22:21 [trace] finish selection: 2.1,3 - 2.1,3
07:22:22 [trace] finish selection: 2.0,4 - 2.0,4
07:22:23 [trace] finish selection: 2.0,4 - 2.0,4
07:22:23 [trace] finish selection: 2.0,5 - 2.0,5
07:22:23 [trace] finish selection: 2.0,6 - 2.0,6
07:22:23 [trace] finish selection: 2.0,7 - 2.0,7
07:22:24 [trace] finish selection: 2.0,8 - 2.0,8
07:22:24 [trace] finish selection: 2.0,9 - 2.0,9
07:22:24 [trace] finish selection: 2.0,10 - 2.0,10
07:22:24 [trace] finish selection: 2.0,11 - 2.0,11
07:22:25 [trace] finish selection: 2.0,12 - 2.0,12
07:22:25 [trace] backupPath: /home/killar/.config/furnace/backups
07:22:25 [trace] curFileName: /home/killar/Documents/furnace/projects/NES/kirby_title.fur
07:22:25 [debug] saving backup...
07:22:25 [trace] writing file...
07:22:25 [debug] backup saved.
07:22:25 [trace] finish selection: 2.0,13 - 2.0,13
07:22:25 [trace] finish selection: 2.0,12 - 2.0,12
07:22:26 [trace] finish selection: 2.0,11 - 2.0,11
07:22:26 [trace] finish selection: 2.0,12 - 2.0,12
07:22:26 [trace] finish selection: 2.0,11 - 2.0,11
07:22:26 [trace] finish selection: 2.0,12 - 2.0,12
07:22:26 [trace] finish selection: 2.0,13 - 2.0,13
07:22:27 [trace] finish selection: 2.0,14 - 2.0,14
07:22:27 [trace] finish selection: 2.0,15 - 2.0,15
07:22:27 [trace] finish selection: 2.0,16 - 2.0,16
07:22:27 [trace] finish selection: 2.0,17 - 2.0,17
07:22:27 [trace] finish selection: 2.0,18 - 2.0,18
07:22:28 [trace] finish selection: 2.0,19 - 2.0,19
07:22:28 [trace] finish selection: 2.0,20 - 2.0,20
07:22:28 [trace] finish selection: 2.0,21 - 2.0,21
07:22:28 [trace] finish selection: 2.0,22 - 2.0,22
07:22:28 [trace] finish selection: 2.0,23 - 2.0,23
07:22:28 [trace] finish selection: 2.0,24 - 2.0,24
07:22:29 [trace] finish selection: 2.0,25 - 2.0,25
07:22:29 [trace] finish selection: 2.0,26 - 2.0,26
07:22:29 [trace] finish selection: 2.0,27 - 2.0,27
07:22:29 [trace] finish selection: 2.0,28 - 2.0,28
07:22:29 [trace] finish selection: 2.0,29 - 2.0,29
07:22:29 [trace] finish selection: 2.0,30 - 2.0,30
07:22:30 [trace] finish selection: 2.0,31 - 2.0,31
07:22:30 [trace] finish selection: 2.0,32 - 2.0,32
07:22:30 [trace] finish selection: 2.0,33 - 2.0,33
07:22:30 [trace] finish selection: 2.0,34 - 2.0,34
07:22:30 [trace] finish selection: 2.0,35 - 2.0,35
07:22:30 [trace] finish selection: 2.0,36 - 2.0,36
07:22:31 [trace] finish selection: 2.0,37 - 2.0,37
07:22:31 [trace] finish selection: 2.0,38 - 2.0,38
07:22:31 [trace] finish selection: 2.0,39 - 2.0,39
07:22:31 [trace] finish selection: 2.0,40 - 2.0,40
07:22:31 [trace] finish selection: 2.0,41 - 2.0,41
07:22:32 [trace] finish selection: 2.0,42 - 2.0,42
07:22:32 [trace] finish selection: 2.0,43 - 2.0,43
07:22:32 [trace] finish selection: 2.0,44 - 2.0,44
07:22:32 [trace] finish selection: 2.0,45 - 2.0,45
07:22:32 [trace] finish selection: 2.0,46 - 2.0,46
07:22:33 [trace] finish selection: 2.0,47 - 2.0,47
07:22:33 [trace] finish selection: 2.0,48 - 2.0,48
07:22:33 [trace] finish selection: 2.0,49 - 2.0,49
07:22:33 [trace] finish selection: 2.0,50 - 2.0,50
07:22:33 [trace] finish selection: 2.0,51 - 2.0,51
07:22:34 [trace] finish selection: 2.0,52 - 2.0,52
07:22:34 [trace] finish selection: 2.0,51 - 2.0,51
07:22:34 [trace] finish selection: 2.0,52 - 2.0,52
07:22:34 [trace] finish selection: 2.0,53 - 2.0,53
07:22:35 [trace] finish selection: 2.0,54 - 2.0,54
07:22:35 [trace] finish selection: 2.0,53 - 2.0,53
07:22:35 [trace] finish selection: 2.0,52 - 2.0,52
07:22:35 [trace] finish selection: 2.0,51 - 2.0,51
07:22:35 [trace] finish selection: 2.0,50 - 2.0,50
07:22:35 [trace] finish selection: 2.0,49 - 2.0,49
07:22:35 [trace] finish selection: 2.0,48 - 2.0,48
07:22:35 [trace] finish selection: 2.0,47 - 2.0,47
07:22:35 [trace] finish selection: 2.0,46 - 2.0,46
07:22:36 [trace] finish selection: 2.0,45 - 2.0,45
07:22:36 [trace] finish selection: 2.0,44 - 2.0,44
07:22:36 [trace] finish selection: 2.0,43 - 2.0,43
07:22:36 [trace] finish selection: 2.0,42 - 2.0,42
07:22:36 [trace] finish selection: 2.0,41 - 2.0,41
07:22:36 [trace] finish selection: 2.0,40 - 2.0,40
07:22:36 [trace] finish selection: 2.0,39 - 2.0,39
07:22:36 [trace] finish selection: 2.0,38 - 2.0,38
07:22:36 [trace] finish selection: 2.0,37 - 2.0,37
07:22:36 [trace] finish selection: 2.0,36 - 2.0,36
07:22:36 [trace] finish selection: 2.0,35 - 2.0,35
07:22:36 [trace] finish selection: 2.0,34 - 2.0,34
07:22:36 [trace] finish selection: 2.0,33 - 2.0,33
07:22:36 [trace] finish selection: 2.0,32 - 2.0,32
07:22:36 [trace] finish selection: 2.0,31 - 2.0,31
07:22:36 [trace] finish selection: 2.0,30 - 2.0,30
07:22:36 [trace] finish selection: 2.0,29 - 2.0,29
07:22:36 [trace] finish selection: 2.0,28 - 2.0,28
07:22:36 [trace] finish selection: 2.0,27 - 2.0,27
07:22:36 [trace] finish selection: 2.0,26 - 2.0,26
07:22:36 [trace] finish selection: 2.0,25 - 2.0,25
07:22:36 [trace] finish selection: 2.0,24 - 2.0,24
07:22:36 [trace] finish selection: 2.0,23 - 2.0,23
07:22:36 [trace] finish selection: 2.0,22 - 2.0,22
07:22:36 [trace] finish selection: 2.0,21 - 2.0,21
07:22:37 [trace] finish selection: 2.0,20 - 2.0,20
07:22:37 [trace] finish selection: 2.0,19 - 2.0,19
07:22:37 [trace] finish selection: 2.0,18 - 2.0,18
07:22:37 [trace] finish selection: 2.0,17 - 2.0,17
07:22:38 [trace] finish selection: 2.0,16 - 2.0,16
07:22:38 [trace] finish selection: 2.0,15 - 2.0,15
07:22:38 [trace] finish selection: 2.0,14 - 2.0,14
07:22:38 [trace] finish selection: 2.0,13 - 2.0,13
07:22:38 [trace] finish selection: 2.0,12 - 2.0,12
07:22:38 [trace] finish selection: 2.0,11 - 2.0,11
07:22:38 [trace] finish selection: 2.0,10 - 2.0,10
07:22:38 [trace] finish selection: 2.0,9 - 2.0,9
07:22:38 [trace] finish selection: 2.0,8 - 2.0,8
07:22:39 [trace] finish selection: 2.0,7 - 2.0,7
07:22:39 [trace] finish selection: 2.0,8 - 2.0,8
07:22:40 [trace] finish selection: 2.0,9 - 2.0,9
07:22:40 [trace] finish selection: 2.0,10 - 2.0,10
07:22:40 [trace] finish selection: 2.0,11 - 2.0,11
07:22:40 [trace] finish selection: 2.0,12 - 2.0,12
07:22:40 [trace] finish selection: 2.0,13 - 2.0,13
07:22:41 [trace] finish selection: 2.0,14 - 2.0,14
07:22:41 [trace] finish selection: 2.0,15 - 2.0,15
07:22:41 [trace] finish selection: 2.0,16 - 2.0,16
07:22:41 [trace] finish selection: 2.0,17 - 2.0,17
07:22:41 [trace] finish selection: 2.0,18 - 2.0,18
07:22:42 [trace] finish selection: 2.0,19 - 2.0,19
07:22:42 [trace] finish selection: 2.0,20 - 2.0,20
07:22:42 [trace] finish selection: 2.0,21 - 2.0,21
07:22:42 [trace] finish selection: 2.0,22 - 2.0,22
07:22:42 [trace] finish selection: 2.0,23 - 2.0,23
07:22:43 [trace] finish selection: 2.0,24 - 2.0,24
07:22:43 [trace] finish selection: 2.0,25 - 2.0,25
07:22:43 [trace] finish selection: 2.0,26 - 2.0,26
07:22:43 [trace] finish selection: 2.0,27 - 2.0,27
07:22:43 [trace] finish selection: 2.0,28 - 2.0,28
07:22:44 [trace] finish selection: 2.0,29 - 2.0,29
07:22:44 [trace] finish selection: 2.0,30 - 2.0,30
07:22:44 [trace] finish selection: 2.0,31 - 2.0,31
07:22:44 [trace] finish selection: 2.0,32 - 2.0,32
07:22:45 [trace] finish selection: 2.0,33 - 2.0,33
07:22:45 [trace] finish selection: 2.0,34 - 2.0,34
07:22:45 [trace] finish selection: 2.0,35 - 2.0,35
07:22:45 [trace] finish selection: 2.0,36 - 2.0,36
07:22:45 [trace] finish selection: 2.0,37 - 2.0,37
07:22:45 [trace] finish selection: 2.0,38 - 2.0,38
07:22:46 [trace] finish selection: 2.0,39 - 2.0,39
07:22:46 [trace] finish selection: 2.0,40 - 2.0,40
07:22:46 [trace] finish selection: 2.0,41 - 2.0,41
07:22:46 [trace] finish selection: 2.0,42 - 2.0,42
07:22:47 [trace] finish selection: 2.0,43 - 2.0,43
07:22:47 [trace] finish selection: 2.0,44 - 2.0,44
07:22:47 [trace] finish selection: 2.0,45 - 2.0,45
07:22:47 [trace] finish selection: 2.0,46 - 2.0,46
07:22:47 [trace] finish selection: 2.0,47 - 2.0,47
07:22:48 [trace] finish selection: 2.0,48 - 2.0,48
07:22:48 [trace] finish selection: 2.0,49 - 2.0,49
07:22:48 [trace] finish selection: 2.0,50 - 2.0,50
07:22:48 [trace] finish selection: 2.0,51 - 2.0,51
07:22:48 [trace] finish selection: 2.0,52 - 2.0,52
07:22:48 [trace] finish selection: 2.0,53 - 2.0,53
07:22:49 [trace] finish selection: 2.0,54 - 2.0,54
07:22:50 [trace] finish selection: 2.0,55 - 2.0,55
07:22:54 [debug] saving file...
07:22:54 [trace] opening file for writing...
07:22:54 [debug] save complete.
07:22:54 [trace] playSub() called
07:22:54 [trace] goal: 0 goalRow: 0
07:22:54 [trace] playSub() took 16µs
07:23:04 [trace] end of orders reached
07:23:04 [debug] last loop pos: 448 for a size of 1024 and runLeftG of 147456
07:23:13 [trace] end of orders reached
07:23:13 [debug] last loop pos: 896 for a size of 1024 and runLeftG of 32768
07:23:19 [trace] finish selection: 2.0,3 - 2.0,3
07:23:22 [trace] finish selection: 2.0,3 - 2.0,3
07:23:23 [trace] backupPath: /home/killar/.config/furnace/backups
07:23:23 [trace] curFileName: /home/killar/Documents/furnace/projects/NES/kirby_title.fur
07:23:23 [debug] saving backup...
07:23:23 [trace] writing file...
07:23:23 [debug] backup saved.
07:23:23 [trace] end of orders reached
07:23:23 [debug] last loop pos: 320 for a size of 1024 and runLeftG of 180224
07:23:23 [trace] finish selection: 2.0,4 - 2.0,4
07:23:23 [trace] finish selection: 2.0,5 - 2.0,5
07:23:23 [trace] finish selection: 2.0,6 - 2.0,6
07:23:24 [trace] finish selection: 2.0,7 - 2.0,7
07:23:24 [trace] finish selection: 2.0,8 - 2.0,8
07:23:24 [trace] finish selection: 2.0,9 - 2.0,9
07:23:25 [trace] finish selection: 2.0,10 - 2.0,10
07:23:25 [trace] finish selection: 2.0,11 - 2.0,11
07:23:26 [trace] finish selection: 2.0,12 - 2.0,12
07:23:26 [trace] finish selection: 2.0,13 - 2.0,13
07:23:26 [trace] finish selection: 2.0,14 - 2.0,14
07:23:26 [trace] finish selection: 2.0,15 - 2.0,15
07:23:27 [trace] finish selection: 2.0,16 - 2.0,16
07:23:28 [trace] finish selection: 2.0,17 - 2.0,17
07:23:28 [trace] finish selection: 2.0,18 - 2.0,18
07:23:28 [trace] finish selection: 2.0,19 - 2.0,19
07:23:29 [trace] finish selection: 2.0,20 - 2.0,20
07:23:29 [trace] finish selection: 2.0,21 - 2.0,21
07:23:29 [trace] finish selection: 2.0,22 - 2.0,22
07:23:29 [trace] finish selection: 2.0,23 - 2.0,23
07:23:30 [trace] finish selection: 2.0,24 - 2.0,24
07:23:30 [trace] finish selection: 2.0,25 - 2.0,25
07:23:30 [trace] finish selection: 2.0,26 - 2.0,26
07:23:30 [trace] finish selection: 2.0,27 - 2.0,27
07:23:31 [trace] finish selection: 2.0,28 - 2.0,28
07:23:31 [trace] finish selection: 2.0,29 - 2.0,29
07:23:31 [trace] finish selection: 2.0,30 - 2.0,30
07:23:31 [trace] finish selection: 2.0,31 - 2.0,31
07:23:32 [trace] finish selection: 2.0,32 - 2.0,32
07:23:32 [trace] finish selection: 2.0,33 - 2.0,33
07:23:32 [trace] finish selection: 2.0,34 - 2.0,34
07:23:32 [trace] finish selection: 2.0,35 - 2.0,35
07:23:33 [trace] end of orders reached
07:23:33 [debug] last loop pos: 768 for a size of 1024 and runLeftG of 65536
07:23:33 [trace] finish selection: 2.0,36 - 2.0,36
07:23:33 [trace] finish selection: 2.0,37 - 2.0,37
07:23:33 [trace] finish selection: 2.0,38 - 2.0,38
07:23:33 [trace] finish selection: 2.0,39 - 2.0,39
07:23:34 [trace] finish selection: 2.0,40 - 2.0,40
07:23:34 [trace] finish selection: 2.0,41 - 2.0,41
07:23:34 [trace] finish selection: 2.0,42 - 2.0,42
07:23:34 [trace] finish selection: 2.0,43 - 2.0,43
07:23:35 [trace] finish selection: 2.0,44 - 2.0,44
07:23:35 [trace] finish selection: 2.0,45 - 2.0,45
07:23:36 [trace] finish selection: 2.0,46 - 2.0,46
07:23:36 [trace] finish selection: 2.0,47 - 2.0,47
07:23:36 [trace] finish selection: 2.0,48 - 2.0,48
07:23:36 [trace] finish selection: 2.0,49 - 2.0,49
07:23:36 [trace] finish selection: 2.0,50 - 2.0,50
07:23:37 [trace] finish selection: 2.0,51 - 2.0,51
07:23:38 [trace] finish selection: 2.0,52 - 2.0,52
07:23:40 [trace] finish selection: 2.0,53 - 2.0,53
07:23:42 [trace] end of orders reached
07:23:42 [debug] last loop pos: 192 for a size of 1024 and runLeftG of 212992
07:23:52 [trace] end of orders reached
07:23:52 [debug] last loop pos: 640 for a size of 1024 and runLeftG of 98304
07:23:53 [trace] backupPath: /home/killar/.config/furnace/backups
07:23:53 [trace] curFileName: /home/killar/Documents/furnace/projects/NES/kirby_title.fur
07:23:53 [debug] saving backup...
07:23:53 [trace] writing file...
07:23:53 [debug] backup saved.
07:24:13 [trace] finish selection: 2.0,5 - 2.0,5
07:24:15 [trace] finish selection: 2.0,5 - 2.0,5
07:24:23 [trace] backupPath: /home/killar/.config/furnace/backups
07:24:23 [trace] curFileName: /home/killar/Documents/furnace/projects/NES/kirby_title.fur
07:24:23 [debug] saving backup...
07:24:23 [trace] writing file...
07:24:23 [debug] backup saved.
07:24:30 [trace] finish selection: 2.0,4 - 2.0,4
07:24:30 [trace] finish selection: 2.0,5 - 2.0,5
07:24:31 [trace] finish selection: 2.0,6 - 2.0,6
07:24:31 [trace] finish selection: 2.0,7 - 2.0,7
07:24:33 [trace] finish selection: 2.0,8 - 2.0,8
07:24:34 [trace] finish selection: 2.0,9 - 2.0,9
07:24:34 [trace] finish selection: 2.0,10 - 2.0,10
07:24:36 [trace] playSub() called
07:24:36 [trace] goal: 2 goalRow: 0
07:24:36 [trace] playSub() took 154µs
07:24:38 [trace] playSub() called
07:24:38 [trace] goal: 2 goalRow: 0
07:24:38 [trace] playSub() took 151µs
07:24:39 [trace] playSub() called
07:24:39 [trace] goal: 2 goalRow: 0
07:24:39 [trace] playSub() took 142µs
07:24:41 [trace] playSub() called
07:24:41 [trace] goal: 2 goalRow: 0
07:24:41 [trace] playSub() took 166µs
07:24:44 [trace] finish selection: 2.2,4 - 2.2,4
07:24:46 [trace] finish selection: 2.2,4 - 2.2,4
07:24:46 [trace] finish selection: 2.3,4 - 2.3,4
07:24:53 [trace] backupPath: /home/killar/.config/furnace/backups
07:24:53 [trace] curFileName: /home/killar/Documents/furnace/projects/NES/kirby_title.fur
07:24:53 [debug] saving backup...
07:24:53 [trace] writing file...
07:24:53 [debug] backup saved.
07:24:57 [trace] finish selection: 2.3,4 - 2.3,4
07:24:59 [trace] finish selection: 2.3,4 - 2.3,4
07:25:01 [trace] playSub() called
07:25:01 [trace] goal: 2 goalRow: 0
07:25:01 [trace] playSub() took 155µs
07:25:02 [trace] playSub() called
07:25:02 [trace] goal: 2 goalRow: 0
07:25:02 [trace] playSub() took 164µs
07:25:04 [trace] finish selection: 2.3,4 - 2.3,4
07:25:05 [trace] finish selection: 2.3,4 - 2.3,4
07:25:16 [trace] finish selection: 2.0,4 - 2.1,10
07:25:17 [trace] finish selection: 2.0,3 - 2.0,3
07:25:19 [trace] finish selection: 2.0,3 - 2.0,3
07:25:20 [trace] playSub() called
07:25:20 [trace] goal: 2 goalRow: 0
07:25:20 [trace] playSub() took 160µs
07:25:21 [trace] playSub() called
07:25:21 [trace] goal: 2 goalRow: 0
07:25:21 [trace] playSub() took 165µs
07:25:23 [trace] backupPath: /home/killar/.config/furnace/backups
07:25:23 [trace] curFileName: /home/killar/Documents/furnace/projects/NES/kirby_title.fur
07:25:23 [debug] saving backup...
07:25:23 [trace] writing file...
07:25:23 [debug] backup saved.
07:25:24 [trace] playSub() called
07:25:24 [trace] goal: 2 goalRow: 0
07:25:24 [trace] playSub() took 189µs
07:25:26 [trace] finish selection: 2.0,3 - 2.1,4
07:25:27 [trace] finish selection: 2.0,3 - 2.1,4
07:25:28 [trace] finish selection: 2.0,4 - 2.0,4
07:25:28 [trace] finish selection: 2.0,4 - 2.0,4
07:25:30 [trace] playSub() called
07:25:30 [trace] goal: 2 goalRow: 0
07:25:30 [trace] playSub() took 147µs
07:25:32 [trace] finish selection: 2.3,4 - 2.3,4
07:25:33 [trace] finish selection: 2.0,3 - 2.0,3
07:25:34 [trace] finish selection: 2.0,3 - 2.0,3
07:25:35 [trace] finish selection: 2.3,4 - 2.3,4
07:25:41 [trace] finish selection: 2.3,4 - 2.3,4
07:25:42 [trace] playSub() called
07:25:42 [trace] goal: 2 goalRow: 0
07:25:42 [trace] playSub() took 152µs
07:25:43 [trace] playSub() called
07:25:43 [trace] goal: 2 goalRow: 0
07:25:43 [trace] playSub() took 151µs
07:25:47 [trace] finish selection: 2.0,9 - 2.0,9
07:25:47 [trace] finish selection: 2.0,9 - 2.0,9
07:25:48 [trace] finish selection: 2.0,11 - 2.0,11
07:25:48 [trace] finish selection: 2.0,11 - 2.0,11
07:25:49 [trace] playSub() called
07:25:49 [trace] goal: 2 goalRow: 0
07:25:49 [trace] playSub() took 142µs
07:25:53 [trace] backupPath: /home/killar/.config/furnace/backups
07:25:53 [trace] curFileName: /home/killar/Documents/furnace/projects/NES/kirby_title.fur
07:25:53 [debug] saving backup...
07:25:53 [trace] writing file...
07:25:53 [debug] backup saved.
07:25:55 [trace] playSub() called
07:25:55 [trace] goal: 2 goalRow: 0
07:25:55 [trace] playSub() took 162µs
07:25:59 [trace] finish selection: 2.0,4 - 2.4,11
07:25:59 [trace] finish selection: 2.0,4 - 2.4,11
07:26:04 [trace] finish selection: 2.0,4 - 2.4,11
07:26:05 [trace] finish selection: 2.0,12 - 2.0,12
07:26:11 [trace] finish selection: 2.0,12 - 2.0,13
07:26:11 [trace] finish selection: 2.0,12 - 2.0,12
07:26:12 [trace] finish selection: 2.0,12 - 2.0,12
07:26:12 [trace] finish selection: 2.3,12 - 2.3,12
07:26:13 [trace] finish selection: 2.3,12 - 2.3,12
07:26:13 [trace] finish selection: 2.3,12 - 2.3,12
07:26:16 [trace] finish selection: 2.0,12 - 2.1,19
07:26:17 [trace] finish selection: 2.0,12 - 2.1,19
07:26:23 [trace] backupPath: /home/killar/.config/furnace/backups
07:26:23 [trace] curFileName: /home/killar/Documents/furnace/projects/NES/kirby_title.fur
07:26:23 [debug] saving backup...
07:26:23 [trace] writing file...
07:26:23 [debug] backup saved.
07:26:25 [trace] finish selection: 2.0,20 - 2.0,20
07:26:26 [trace] finish selection: 2.0,20 - 2.0,20
07:26:28 [trace] finish selection: 2.0,18 - 2.0,28
07:26:30 [trace] finish selection: 2.0,20 - 2.0,20
07:26:30 [trace] finish selection: 2.0,20 - 2.0,20
07:26:36 [trace] finish selection: 2.0,20 - 2.0,28
07:26:42 [trace] finish selection: 2.0,20 - 2.0,28
07:26:44 [trace] playSub() called
07:26:44 [trace] goal: 2 goalRow: 0
07:26:44 [trace] playSub() took 157µs
07:26:48 [trace] finish selection: 2.0,20 - 2.1,27
07:26:48 [trace] finish selection: 2.0,20 - 2.1,27
07:26:49 [trace] playSub() called
07:26:49 [trace] goal: 2 goalRow: 0
07:26:49 [trace] playSub() took 151µs
07:26:52 [trace] finish selection: 2.0,28 - 2.0,28
07:26:52 [trace] finish selection: 2.0,28 - 2.0,28
07:26:53 [trace] backupPath: /home/killar/.config/furnace/backups
07:26:53 [trace] curFileName: /home/killar/Documents/furnace/projects/NES/kirby_title.fur
07:26:53 [debug] saving backup...
07:26:53 [trace] writing file...
07:26:53 [debug] backup saved.
07:27:00 [trace] finish selection: 2.0,36 - 2.0,36
07:27:04 [trace] finish selection: 2.0,36 - 2.0,44
07:27:05 [trace] finish selection: 2.0,36 - 2.0,44
07:27:06 [trace] playSub() called
07:27:06 [trace] goal: 2 goalRow: 0
07:27:06 [trace] playSub() took 153µs
07:27:10 [trace] finish selection: 2.0,42 - 2.0,42
07:27:15 [trace] finish selection: 2.0,42 - 2.0,42
07:27:19 [trace] finish selection: 2.0,36 - 2.1,43
07:27:21 [trace] finish selection: 2.0,36 - 2.1,43
07:27:21 [trace] finish selection: 2.0,44 - 2.0,44
07:27:22 [trace] finish selection: 2.0,44 - 2.0,44
07:27:22 [trace] finish selection: 2.0,52 - 2.0,52
07:27:23 [trace] backupPath: /home/killar/.config/furnace/backups
07:27:23 [trace] curFileName: /home/killar/Documents/furnace/projects/NES/kirby_title.fur
07:27:23 [debug] saving backup...
07:27:23 [trace] writing file...
07:27:23 [debug] backup saved.
07:27:24 [trace] playSub() called
07:27:24 [trace] goal: 2 goalRow: 0
07:27:24 [trace] playSub() took 168µs
07:27:27 [trace] end of orders reached
07:27:27 [debug] last loop pos: 832 for a size of 1024 and runLeftG of 49152
07:27:28 [trace] playSub() called
07:27:28 [trace] goal: 2 goalRow: 0
07:27:28 [trace] playSub() took 143µs
07:27:31 [trace] end of orders reached
07:27:31 [debug] last loop pos: 832 for a size of 1024 and runLeftG of 49152
07:27:33 [trace] playSub() called
07:27:33 [trace] goal: 2 goalRow: 0
07:27:33 [trace] playSub() took 150µs
07:27:37 [trace] finish selection: 2.0,60 - 2.0,60
07:27:40 [trace] finish selection: 2.0,52 - 2.1,52
07:27:41 [trace] finish selection: 2.0,52 - 2.1,52
07:27:41 [trace] finish selection: 2.0,60 - 2.0,60
07:27:42 [trace] finish selection: 2.0,60 - 2.0,60
07:27:42 [debug] saving file...
07:27:42 [trace] opening file for writing...
07:27:42 [debug] save complete.
07:27:45 [trace] playSub() called
07:27:45 [trace] goal: 2 goalRow: 0
07:27:45 [trace] playSub() took 166µs
07:27:48 [trace] finish selection: 2.0,7 - 2.0,7
07:27:52 [trace] finish selection: 2.0,7 - 2.0,7
07:27:54 [trace] finish selection: 2.0,8 - 2.0,8
07:27:58 [trace] finish selection: 2.0,9 - 2.0,9
07:27:59 [trace] finish selection: 2.0,10 - 2.0,10
07:27:59 [trace] finish selection: 2.0,11 - 2.0,11
07:28:00 [trace] finish selection: 2.0,10 - 2.0,10
07:28:03 [trace] backupPath: /home/killar/.config/furnace/backups
07:28:03 [trace] curFileName: /home/killar/Documents/furnace/projects/NES/kirby_title.fur
07:28:03 [debug] saving backup...
07:28:03 [trace] writing file...
07:28:03 [debug] backup saved.
07:28:07 [trace] finish selection: 2.0,9 - 2.0,9
07:28:08 [trace] finish selection: 2.0,10 - 2.0,10
07:28:08 [trace] finish selection: 2.0,11 - 2.0,11
07:28:08 [trace] finish selection: 2.0,12 - 2.0,12
07:28:09 [trace] finish selection: 2.0,13 - 2.0,13
07:28:09 [trace] finish selection: 2.0,14 - 2.0,14
07:28:09 [trace] finish selection: 2.0,15 - 2.0,15
07:28:10 [trace] finish selection: 2.0,16 - 2.0,16
07:28:10 [trace] finish selection: 2.0,17 - 2.0,17
07:28:10 [trace] finish selection: 2.0,18 - 2.0,18
07:28:11 [trace] finish selection: 2.0,19 - 2.0,19
07:28:11 [trace] finish selection: 2.0,20 - 2.0,20
07:28:11 [trace] finish selection: 2.0,21 - 2.0,21
07:28:11 [trace] finish selection: 2.0,22 - 2.0,22
07:28:12 [trace] finish selection: 2.0,23 - 2.0,23
07:28:12 [trace] finish selection: 2.0,24 - 2.0,24
07:28:12 [trace] finish selection: 2.0,25 - 2.0,25
07:28:13 [trace] finish selection: 2.0,26 - 2.0,26
07:28:13 [trace] finish selection: 2.0,27 - 2.0,27
07:28:13 [trace] finish selection: 2.0,28 - 2.0,28
07:28:14 [trace] finish selection: 2.0,29 - 2.0,29
07:28:14 [trace] finish selection: 2.0,30 - 2.0,30
07:28:14 [trace] finish selection: 2.0,31 - 2.0,31
07:28:14 [trace] finish selection: 2.0,32 - 2.0,32
07:28:15 [trace] finish selection: 2.0,31 - 2.0,31
07:28:15 [trace] finish selection: 2.0,32 - 2.0,32
07:28:15 [trace] finish selection: 2.0,33 - 2.0,33
07:28:16 [trace] finish selection: 2.0,34 - 2.0,34
07:28:16 [trace] finish selection: 2.0,35 - 2.0,35
07:28:16 [trace] finish selection: 2.0,36 - 2.0,36
07:28:17 [trace] finish selection: 2.0,37 - 2.0,37
07:28:17 [trace] finish selection: 2.0,38 - 2.0,38
07:28:17 [trace] finish selection: 2.0,39 - 2.0,39
07:28:18 [trace] finish selection: 2.0,40 - 2.0,40
07:28:18 [trace] finish selection: 2.0,41 - 2.0,41
07:28:18 [trace] finish selection: 2.0,42 - 2.0,42
07:28:19 [trace] finish selection: 2.0,43 - 2.0,43
07:28:19 [trace] finish selection: 2.0,44 - 2.0,44
07:28:19 [trace] finish selection: 2.0,45 - 2.0,45
07:28:19 [trace] finish selection: 2.0,46 - 2.0,46
07:28:20 [trace] finish selection: 2.0,47 - 2.0,47
07:28:20 [trace] finish selection: 2.0,48 - 2.0,48
07:28:21 [trace] finish selection: 2.0,49 - 2.0,49
07:28:21 [trace] finish selection: 2.0,50 - 2.0,50
07:28:21 [trace] finish selection: 2.0,51 - 2.0,51
07:28:22 [trace] finish selection: 2.0,52 - 2.0,52
07:28:22 [trace] finish selection: 2.0,53 - 2.0,53
07:28:22 [trace] finish selection: 2.0,54 - 2.0,54
07:28:23 [trace] finish selection: 2.0,55 - 2.0,55
07:28:23 [trace] finish selection: 2.0,56 - 2.0,56
07:28:23 [trace] finish selection: 2.0,57 - 2.0,57
07:28:24 [trace] finish selection: 2.0,58 - 2.0,58
07:28:24 [trace] finish selection: 2.0,59 - 2.0,59
07:28:26 [trace] playSub() called
07:28:26 [trace] goal: 2 goalRow: 0
07:28:26 [trace] playSub() took 150µs
07:28:29 [trace] end of orders reached
07:28:29 [debug] last loop pos: 832 for a size of 1024 and runLeftG of 49152
07:28:33 [trace] backupPath: /home/killar/.config/furnace/backups
07:28:33 [trace] curFileName: /home/killar/Documents/furnace/projects/NES/kirby_title.fur
07:28:33 [debug] saving backup...
07:28:33 [trace] writing file...
07:28:33 [debug] backup saved.
07:28:39 [trace] end of orders reached
07:28:39 [debug] last loop pos: 256 for a size of 1024 and runLeftG of 196608
07:28:48 [trace] end of orders reached
07:28:48 [debug] last loop pos: 704 for a size of 1024 and runLeftG of 81920
07:28:58 [trace] end of orders reached
07:28:58 [debug] last loop pos: 128 for a size of 1024 and runLeftG of 229376
07:29:02 [debug] saving file...
07:29:02 [trace] opening file for writing...
07:29:02 [debug] save complete.
07:29:06 [trace] finish selection: 2.0,52 - 2.1,52
07:29:07 [trace] finish selection: 2.0,52 - 2.1,52
07:29:07 [trace] finish selection: 2.0,60 - 2.0,60
07:29:07 [trace] finish selection: 2.0,60 - 2.0,60
07:29:08 [trace] end of orders reached
07:29:08 [debug] last loop pos: 576 for a size of 1024 and runLeftG of 114688
07:29:08 [trace] backupPath: /home/killar/.config/furnace/backups
07:29:08 [trace] curFileName: /home/killar/Documents/furnace/projects/NES/kirby_title.fur
07:29:08 [debug] saving backup...
07:29:08 [trace] writing file...
07:29:08 [debug] backup saved.
07:29:09 [trace] playSub() called
07:29:09 [trace] goal: 2 goalRow: 0
07:29:09 [trace] playSub() took 205µs
07:29:09 [trace] playSub() called
07:29:09 [trace] goal: 2 goalRow: 0
07:29:09 [trace] playSub() took 137µs
07:29:18 [trace] finish selection: 2.0,60 - 2.1,60
07:29:19 [trace] finish selection: 2.0,60 - 2.1,60
07:29:20 [trace] finish selection: 2.0,62 - 2.0,62
07:29:20 [trace] finish selection: 2.0,62 - 2.0,62
07:29:21 [trace] finish selection: 2.0,61 - 2.0,61
07:29:22 [trace] finish selection: 2.0,61 - 2.0,61
07:29:22 [trace] finish selection: 2.0,63 - 2.0,63
07:29:22 [trace] finish selection: 2.0,63 - 2.0,63
07:29:23 [debug] saving file...
07:29:23 [trace] opening file for writing...
07:29:23 [debug] save complete.
07:29:24 [trace] playSub() called
07:29:24 [trace] goal: 2 goalRow: 0
07:29:24 [trace] playSub() took 181µs
07:29:27 [trace] end of orders reached
07:29:27 [debug] last loop pos: 832 for a size of 1024 and runLeftG of 49152
07:29:31 [trace] playSub() called
07:29:31 [trace] goal: 0 goalRow: 0
07:29:31 [trace] playSub() took 15µs
07:29:45 [debug] opening load file dialog with curPath /home/killar/Documents/furnace/presets/
07:29:49 [debug] - returning /home/killar/Documents/furnace/presets/noise_snare.fui
07:29:49 [debug] curPath: /home/killar/Documents/furnace/presets
07:29:49 [trace] found a new Furnace ins
07:29:49 [trace] reading new instrument data...
07:29:49 [trace] data length: 62
07:29:49 [trace] - NA
07:29:49 [trace] - MA
07:29:52 [trace] finish selection: 3.0,4 - 3.0,4
07:29:53 [trace] finish selection: 3.0,4 - 3.0,4
07:29:54 [trace] finish selection: 3.0,5 - 3.0,5
07:29:55 [trace] finish selection: 3.0,4 - 3.0,4
07:29:58 [trace] finish selection: 3.0,4 - 3.0,4
07:29:58 [trace] finish selection: 3.0,5 - 3.0,5
07:29:58 [trace] finish selection: 3.0,6 - 3.0,6
07:29:59 [trace] finish selection: 3.0,7 - 3.0,7
07:30:00 [trace] finish selection: 3.0,8 - 3.0,8
07:30:00 [trace] finish selection: 3.0,9 - 3.0,9
07:30:01 [trace] finish selection: 3.0,10 - 3.0,10
07:30:01 [trace] finish selection: 3.0,11 - 3.0,11
07:30:01 [trace] finish selection: 3.0,12 - 3.0,12
07:30:01 [trace] finish selection: 3.0,13 - 3.0,13
07:30:01 [trace] finish selection: 3.0,14 - 3.0,14
07:30:02 [trace] finish selection: 3.0,15 - 3.0,15
07:30:02 [trace] finish selection: 3.0,16 - 3.0,16
07:30:02 [trace] finish selection: 3.0,17 - 3.0,17
07:30:02 [trace] finish selection: 3.0,18 - 3.0,18
07:30:02 [trace] finish selection: 3.0,19 - 3.0,19
07:30:03 [trace] finish selection: 3.0,20 - 3.0,20
07:30:03 [trace] finish selection: 3.0,21 - 3.0,21
07:30:03 [trace] finish selection: 3.0,22 - 3.0,22
07:30:03 [trace] finish selection: 3.0,23 - 3.0,23
07:30:03 [trace] finish selection: 3.0,24 - 3.0,24
07:30:04 [trace] finish selection: 3.0,25 - 3.0,25
07:30:04 [trace] finish selection: 3.0,26 - 3.0,26
07:30:04 [trace] finish selection: 3.0,27 - 3.0,27
07:30:04 [trace] finish selection: 3.0,28 - 3.0,28
07:30:04 [trace] finish selection: 3.0,29 - 3.0,29
07:30:05 [trace] finish selection: 3.0,30 - 3.0,30
07:30:05 [trace] finish selection: 3.0,31 - 3.0,31
07:30:05 [trace] finish selection: 3.0,32 - 3.0,32
07:30:05 [trace] finish selection: 3.0,33 - 3.0,33
07:30:05 [trace] finish selection: 3.0,34 - 3.0,34
07:30:06 [trace] finish selection: 3.0,35 - 3.0,35
07:30:06 [trace] finish selection: 3.0,36 - 3.0,36
07:30:06 [trace] finish selection: 3.0,37 - 3.0,37
07:30:06 [trace] finish selection: 3.0,38 - 3.0,38
07:30:06 [trace] finish selection: 3.0,39 - 3.0,39
07:30:07 [trace] finish selection: 3.0,40 - 3.0,40
07:30:07 [trace] finish selection: 3.0,41 - 3.0,41
07:30:07 [trace] finish selection: 3.0,42 - 3.0,42
07:30:07 [trace] finish selection: 3.0,43 - 3.0,43
07:30:07 [trace] finish selection: 3.0,44 - 3.0,44
07:30:08 [trace] finish selection: 3.0,45 - 3.0,45
07:30:08 [trace] finish selection: 3.0,46 - 3.0,46
07:30:08 [trace] finish selection: 3.0,47 - 3.0,47
07:30:08 [trace] finish selection: 3.0,48 - 3.0,48
07:30:08 [trace] finish selection: 3.0,49 - 3.0,49
07:30:09 [trace] backupPath: /home/killar/.config/furnace/backups
07:30:09 [trace] curFileName: /home/killar/Documents/furnace/projects/NES/kirby_title.fur
07:30:09 [debug] saving backup...
07:30:09 [trace] writing file...
07:30:09 [debug] backup saved.
07:30:09 [trace] finish selection: 3.0,50 - 3.0,50
07:30:09 [trace] finish selection: 3.0,51 - 3.0,51
07:30:09 [trace] finish selection: 3.0,52 - 3.0,52
07:30:09 [trace] finish selection: 3.0,53 - 3.0,53
07:30:09 [trace] finish selection: 3.0,54 - 3.0,54
07:30:13 [trace] playSub() called
07:30:13 [trace] goal: 0 goalRow: 0
07:30:13 [trace] playSub() took 25µs
07:30:17 [trace] finish selection: 3.0,39 - 3.0,39
07:30:19 [trace] finish selection: 3.0,39 - 3.0,39
07:30:19 [trace] finish selection: 3.0,40 - 3.0,40
07:30:22 [trace] finish selection: 3.0,39 - 3.0,39
07:30:22 [trace] finish selection: 3.0,40 - 3.0,40
07:30:23 [trace] finish selection: 3.0,39 - 3.0,39
07:30:24 [trace] finish selection: 3.0,40 - 3.0,40
07:30:24 [trace] finish selection: 3.0,41 - 3.0,41
07:30:25 [trace] finish selection: 3.0,40 - 3.0,40
07:30:25 [trace] finish selection: 3.0,40 - 3.0,40
07:30:25 [trace] finish selection: 3.0,39 - 3.0,39
07:30:26 [trace] finish selection: 3.0,40 - 3.0,40
07:30:26 [trace] finish selection: 3.0,39 - 3.0,39
07:30:27 [trace] finish selection: 3.0,39 - 3.0,39
07:30:27 [trace] finish selection: 3.0,40 - 3.0,40
07:30:27 [trace] finish selection: 3.0,41 - 3.0,41
07:30:27 [trace] finish selection: 3.0,42 - 3.0,42
07:30:28 [trace] finish selection: 3.0,43 - 3.0,43
07:30:28 [trace] finish selection: 3.0,44 - 3.0,44
07:30:28 [trace] finish selection: 3.0,45 - 3.0,45
07:30:28 [trace] finish selection: 3.0,46 - 3.0,46
07:30:28 [trace] finish selection: 3.0,47 - 3.0,47
07:30:29 [trace] finish selection: 3.0,48 - 3.0,48
07:30:29 [trace] finish selection: 3.0,47 - 3.0,47
07:30:29 [trace] finish selection: 3.0,46 - 3.0,46
07:30:29 [trace] finish selection: 3.0,45 - 3.0,45
07:30:29 [trace] finish selection: 3.0,44 - 3.0,44
07:30:29 [trace] finish selection: 3.0,43 - 3.0,43
07:30:29 [trace] finish selection: 3.0,42 - 3.0,42
07:30:29 [trace] finish selection: 3.0,41 - 3.0,41
07:30:30 [trace] finish selection: 3.0,40 - 3.0,40
07:30:30 [trace] finish selection: 3.0,39 - 3.0,39
07:30:30 [trace] finish selection: 3.0,38 - 3.0,38
07:30:30 [trace] finish selection: 3.0,37 - 3.0,37
07:30:30 [trace] finish selection: 3.0,36 - 3.0,36
07:30:30 [trace] finish selection: 3.0,35 - 3.0,35
07:30:30 [trace] finish selection: 3.0,34 - 3.0,34
07:30:30 [trace] finish selection: 3.0,33 - 3.0,33
07:30:30 [trace] finish selection: 3.0,32 - 3.0,32
07:30:30 [trace] finish selection: 3.0,31 - 3.0,31
07:30:30 [trace] finish selection: 3.0,32 - 3.0,32
07:30:31 [trace] finish selection: 3.0,31 - 3.0,31
07:30:31 [trace] finish selection: 3.0,30 - 3.0,30
07:30:31 [trace] finish selection: 3.0,29 - 3.0,29
07:30:31 [trace] finish selection: 3.0,28 - 3.0,28
07:30:31 [trace] finish selection: 3.0,27 - 3.0,27
07:30:31 [trace] finish selection: 3.0,26 - 3.0,26
07:30:31 [trace] finish selection: 3.0,25 - 3.0,25
07:30:31 [trace] finish selection: 3.0,24 - 3.0,24
07:30:31 [trace] finish selection: 3.0,23 - 3.0,23
07:30:31 [trace] finish selection: 3.0,22 - 3.0,22
07:30:32 [trace] finish selection: 3.0,21 - 3.0,21
07:30:32 [trace] finish selection: 3.0,22 - 3.0,22
07:30:32 [trace] finish selection: 3.0,23 - 3.0,23
07:30:32 [trace] finish selection: 3.0,24 - 3.0,24
07:30:33 [trace] finish selection: 3.0,23 - 3.0,23
07:30:33 [trace] finish selection: 3.0,22 - 3.0,22
07:30:33 [trace] finish selection: 3.0,21 - 3.0,21
07:30:33 [trace] finish selection: 3.0,20 - 3.0,20
07:30:33 [trace] finish selection: 3.0,19 - 3.0,19
07:30:33 [trace] finish selection: 3.0,18 - 3.0,18
07:30:33 [trace] finish selection: 3.0,17 - 3.0,17
07:30:33 [trace] finish selection: 3.0,16 - 3.0,16
07:30:33 [trace] finish selection: 3.0,15 - 3.0,15
07:30:34 [trace] finish selection: 3.0,16 - 3.0,16
07:30:34 [trace] finish selection: 3.0,15 - 3.0,15
07:30:34 [trace] finish selection: 3.0,14 - 3.0,14
07:30:34 [trace] finish selection: 3.0,13 - 3.0,13
07:30:35 [trace] finish selection: 3.0,12 - 3.0,12
07:30:35 [trace] finish selection: 3.0,11 - 3.0,11
07:30:35 [trace] finish selection: 3.0,10 - 3.0,10
07:30:35 [trace] finish selection: 3.0,9 - 3.0,9
07:30:35 [trace] finish selection: 3.0,8 - 3.0,8
07:30:35 [trace] finish selection: 3.0,7 - 3.0,7
07:30:35 [trace] finish selection: 3.0,6 - 3.0,6
07:30:36 [trace] finish selection: 3.0,7 - 3.0,7
07:30:37 [trace] playSub() called
07:30:37 [trace] goal: 0 goalRow: 0
07:30:37 [trace] playSub() took 24µs
07:30:39 [trace] backupPath: /home/killar/.config/furnace/backups
07:30:39 [trace] curFileName: /home/killar/Documents/furnace/projects/NES/kirby_title.fur
07:30:39 [debug] saving backup...
07:30:39 [trace] writing file...
07:30:39 [debug] backup saved.
07:30:47 [trace] end of orders reached
07:30:47 [debug] last loop pos: 448 for a size of 1024 and runLeftG of 147456
07:30:53 [trace] finish selection: 2.4,3 - 3.0,3
07:30:53 [trace] finish selection: 3.0,3 - 3.0,3
07:30:58 [trace] finish selection: 3.0,3 - 3.0,3
07:30:59 [trace] finish selection: 3.0,4 - 3.0,4
07:30:59 [trace] finish selection: 3.0,5 - 3.0,5
07:30:59 [trace] finish selection: 3.0,6 - 3.0,6
07:30:59 [trace] finish selection: 3.0,7 - 3.0,7
07:30:59 [trace] finish selection: 3.0,8 - 3.0,8
07:31:00 [trace] finish selection: 3.0,9 - 3.0,9
07:31:00 [trace] finish selection: 3.0,10 - 3.0,10
07:31:00 [trace] finish selection: 3.0,11 - 3.0,11
07:31:00 [trace] finish selection: 3.0,12 - 3.0,12
07:31:00 [trace] finish selection: 3.0,13 - 3.0,13
07:31:01 [trace] finish selection: 3.0,14 - 3.0,14
07:31:01 [trace] finish selection: 3.0,15 - 3.0,15
07:31:01 [trace] finish selection: 3.0,16 - 3.0,16
07:31:01 [trace] finish selection: 3.0,17 - 3.0,17
07:31:01 [trace] finish selection: 3.0,18 - 3.0,18
07:31:02 [trace] finish selection: 3.0,19 - 3.0,19
07:31:02 [trace] finish selection: 3.0,20 - 3.0,20
07:31:02 [trace] finish selection: 3.0,21 - 3.0,21
07:31:02 [trace] finish selection: 3.0,22 - 3.0,22
07:31:02 [trace] finish selection: 3.0,23 - 3.0,23
07:31:02 [trace] finish selection: 3.0,24 - 3.0,24
07:31:03 [trace] finish selection: 3.0,25 - 3.0,25
07:31:03 [trace] finish selection: 3.0,26 - 3.0,26
07:31:03 [trace] finish selection: 3.0,27 - 3.0,27
07:31:03 [trace] finish selection: 3.0,28 - 3.0,28
07:31:03 [trace] finish selection: 3.0,29 - 3.0,29
07:31:03 [trace] finish selection: 3.0,30 - 3.0,30
07:31:04 [trace] finish selection: 3.0,31 - 3.0,31
07:31:04 [trace] finish selection: 3.0,32 - 3.0,32
07:31:04 [trace] finish selection: 3.0,33 - 3.0,33
07:31:04 [trace] finish selection: 3.0,34 - 3.0,34
07:31:04 [trace] finish selection: 3.0,35 - 3.0,35
07:31:04 [trace] finish selection: 3.0,36 - 3.0,36
07:31:05 [trace] finish selection: 3.0,37 - 3.0,37
07:31:05 [trace] finish selection: 3.0,38 - 3.0,38
07:31:05 [trace] finish selection: 3.0,39 - 3.0,39
07:31:05 [trace] finish selection: 3.0,40 - 3.0,40
07:31:05 [trace] finish selection: 3.0,41 - 3.0,41
07:31:06 [trace] finish selection: 3.0,42 - 3.0,42
07:31:06 [trace] finish selection: 3.0,43 - 3.0,43
07:31:06 [trace] finish selection: 3.0,44 - 3.0,44
07:31:06 [trace] finish selection: 3.0,45 - 3.0,45
07:31:06 [trace] finish selection: 3.0,46 - 3.0,46
07:31:07 [trace] finish selection: 3.0,47 - 3.0,47
07:31:07 [trace] finish selection: 3.0,48 - 3.0,48
07:31:07 [trace] finish selection: 3.0,49 - 3.0,49
07:31:07 [trace] finish selection: 3.0,50 - 3.0,50
07:31:07 [trace] finish selection: 3.0,51 - 3.0,51
07:31:09 [trace] backupPath: /home/killar/.config/furnace/backups
07:31:09 [trace] curFileName: /home/killar/Documents/furnace/projects/NES/kirby_title.fur
07:31:09 [debug] saving backup...
07:31:09 [trace] writing file...
07:31:09 [debug] backup saved.
07:31:09 [trace] playSub() called
07:31:09 [trace] goal: 0 goalRow: 0
07:31:09 [trace] playSub() took 16µs
07:31:19 [trace] end of orders reached
07:31:19 [debug] last loop pos: 448 for a size of 1024 and runLeftG of 147456
07:31:21 [trace] finish selection: 3.0,3 - 3.0,3
07:31:26 [trace] finish selection: 3.0,3 - 3.0,3
07:31:26 [trace] finish selection: 3.0,4 - 3.0,4
07:31:26 [trace] finish selection: 3.0,5 - 3.0,5
07:31:27 [trace] finish selection: 3.0,6 - 3.0,6
07:31:27 [trace] finish selection: 3.0,7 - 3.0,7
07:31:27 [trace] finish selection: 3.0,8 - 3.0,8
07:31:27 [trace] finish selection: 3.0,9 - 3.0,9
07:31:27 [trace] finish selection: 3.0,10 - 3.0,10
07:31:28 [trace] finish selection: 3.0,11 - 3.0,11
07:31:28 [trace] finish selection: 3.0,12 - 3.0,12
07:31:28 [trace] finish selection: 3.0,13 - 3.0,13
07:31:28 [trace] finish selection: 3.0,14 - 3.0,14
07:31:28 [trace] finish selection: 3.0,15 - 3.0,15
07:31:29 [trace] finish selection: 3.0,16 - 3.0,16
07:31:29 [trace] finish selection: 3.0,17 - 3.0,17
07:31:29 [trace] finish selection: 3.0,18 - 3.0,18
07:31:31 [trace] finish selection: 3.0,18 - 3.0,18
07:31:32 [trace] finish selection: 3.0,19 - 3.0,19
07:31:32 [trace] finish selection: 3.0,20 - 3.0,20
07:31:32 [trace] finish selection: 3.0,21 - 3.0,21
07:31:32 [trace] finish selection: 3.0,22 - 3.0,22
07:31:32 [trace] finish selection: 3.0,23 - 3.0,23
07:31:32 [trace] finish selection: 3.0,24 - 3.0,24
07:31:33 [trace] finish selection: 3.0,25 - 3.0,25
07:31:33 [trace] finish selection: 3.0,26 - 3.0,26
07:31:33 [trace] finish selection: 3.0,27 - 3.0,27
07:31:33 [trace] finish selection: 3.0,28 - 3.0,28
07:31:33 [trace] finish selection: 3.0,29 - 3.0,29
07:31:33 [trace] finish selection: 3.0,30 - 3.0,30
07:31:34 [trace] finish selection: 3.0,31 - 3.0,31
07:31:34 [trace] finish selection: 3.0,32 - 3.0,32
07:31:34 [trace] finish selection: 3.0,33 - 3.0,33
07:31:35 [trace] finish selection: 3.0,34 - 3.0,34
07:31:35 [trace] finish selection: 3.0,35 - 3.0,35
07:31:35 [trace] finish selection: 3.0,36 - 3.0,36
07:31:35 [trace] finish selection: 3.0,37 - 3.0,37
07:31:35 [trace] finish selection: 3.0,38 - 3.0,38
07:31:35 [trace] finish selection: 3.0,39 - 3.0,39
07:31:36 [trace] finish selection: 3.0,40 - 3.0,40
07:31:36 [trace] finish selection: 3.0,41 - 3.0,41
07:31:36 [trace] finish selection: 3.0,42 - 3.0,42
07:31:36 [trace] finish selection: 3.0,43 - 3.0,43
07:31:36 [trace] finish selection: 3.0,44 - 3.0,44
07:31:37 [trace] finish selection: 3.0,45 - 3.0,45
07:31:37 [trace] finish selection: 3.0,46 - 3.0,46
07:31:37 [trace] finish selection: 3.0,47 - 3.0,47
07:31:37 [trace] finish selection: 3.0,48 - 3.0,48
07:31:37 [trace] finish selection: 3.0,49 - 3.0,49
07:31:37 [trace] finish selection: 3.0,50 - 3.0,50
07:31:38 [trace] finish selection: 3.0,51 - 3.0,51
07:31:39 [trace] backupPath: /home/killar/.config/furnace/backups
07:31:39 [trace] curFileName: /home/killar/Documents/furnace/projects/NES/kirby_title.fur
07:31:39 [debug] saving backup...
07:31:39 [trace] writing file...
07:31:39 [debug] backup saved.
07:31:39 [trace] playSub() called
07:31:39 [trace] goal: 0 goalRow: 0
07:31:39 [trace] playSub() took 14µs
07:31:43 [trace] finish selection: 3.0,47 - 3.0,47
07:32:06 [trace] finish selection: 3.0,47 - 3.0,47
07:32:06 [trace] finish selection: 3.0,48 - 3.0,48
07:32:07 [trace] finish selection: 3.0,47 - 3.0,47
07:32:07 [trace] finish selection: 3.0,46 - 3.0,46
07:32:07 [trace] finish selection: 3.0,45 - 3.0,45
07:32:07 [trace] finish selection: 3.0,44 - 3.0,44
07:32:07 [trace] finish selection: 3.0,43 - 3.0,43
07:32:08 [trace] finish selection: 3.0,42 - 3.0,42
07:32:08 [trace] finish selection: 3.0,41 - 3.0,41
07:32:08 [trace] finish selection: 3.0,40 - 3.0,40
07:32:08 [trace] finish selection: 3.0,39 - 3.0,39
07:32:08 [trace] finish selection: 3.0,40 - 3.0,40
07:32:09 [trace] backupPath: /home/killar/.config/furnace/backups
07:32:09 [trace] curFileName: /home/killar/Documents/furnace/projects/NES/kirby_title.fur
07:32:09 [debug] saving backup...
07:32:09 [trace] writing file...
07:32:09 [debug] backup saved.
07:32:09 [trace] finish selection: 3.0,39 - 3.0,39
07:32:09 [trace] finish selection: 3.0,38 - 3.0,38
07:32:09 [trace] finish selection: 3.0,37 - 3.0,37
07:32:09 [trace] finish selection: 3.0,36 - 3.0,36
07:32:09 [trace] finish selection: 3.0,35 - 3.0,35
07:32:09 [trace] finish selection: 3.0,34 - 3.0,34
07:32:09 [trace] finish selection: 3.0,33 - 3.0,33
07:32:09 [trace] finish selection: 3.0,32 - 3.0,32
07:32:09 [trace] finish selection: 3.0,31 - 3.0,31
07:32:09 [trace] finish selection: 3.0,30 - 3.0,30
07:32:09 [trace] finish selection: 3.0,29 - 3.0,29
07:32:10 [trace] finish selection: 3.0,30 - 3.0,30
07:32:10 [trace] finish selection: 3.0,31 - 3.0,31
07:32:10 [trace] finish selection: 3.0,32 - 3.0,32
07:32:10 [trace] finish selection: 3.0,31 - 3.0,31
07:32:11 [trace] finish selection: 3.0,30 - 3.0,30
07:32:11 [trace] finish selection: 3.0,29 - 3.0,29
07:32:11 [trace] finish selection: 3.0,28 - 3.0,28
07:32:11 [trace] finish selection: 3.0,27 - 3.0,27
07:32:11 [trace] finish selection: 3.0,26 - 3.0,26
07:32:11 [trace] finish selection: 3.0,25 - 3.0,25
07:32:11 [trace] finish selection: 3.0,24 - 3.0,24
07:32:11 [trace] finish selection: 3.0,23 - 3.0,23
07:32:11 [trace] finish selection: 3.0,22 - 3.0,22
07:32:11 [trace] finish selection: 3.0,23 - 3.0,23
07:32:12 [trace] finish selection: 3.0,24 - 3.0,24
07:32:12 [trace] finish selection: 3.0,23 - 3.0,23
07:32:12 [trace] finish selection: 3.0,22 - 3.0,22
07:32:12 [trace] finish selection: 3.0,21 - 3.0,21
07:32:12 [trace] finish selection: 3.0,20 - 3.0,20
07:32:12 [trace] finish selection: 3.0,19 - 3.0,19
07:32:12 [trace] finish selection: 3.0,18 - 3.0,18
07:32:12 [trace] finish selection: 3.0,17 - 3.0,17
07:32:12 [trace] finish selection: 3.0,16 - 3.0,16
07:32:12 [trace] finish selection: 3.0,15 - 3.0,15
07:32:13 [trace] finish selection: 3.0,14 - 3.0,14
07:32:13 [trace] finish selection: 3.0,15 - 3.0,15
07:32:13 [trace] finish selection: 3.0,16 - 3.0,16
07:32:14 [trace] finish selection: 3.0,15 - 3.0,15
07:32:14 [trace] finish selection: 3.0,14 - 3.0,14
07:32:14 [trace] finish selection: 3.0,13 - 3.0,13
07:32:14 [trace] finish selection: 3.0,12 - 3.0,12
07:32:14 [trace] finish selection: 3.0,11 - 3.0,11
07:32:14 [trace] finish selection: 3.0,10 - 3.0,10
07:32:14 [trace] finish selection: 3.0,9 - 3.0,9
07:32:14 [trace] finish selection: 3.0,8 - 3.0,8
07:32:15 [trace] finish selection: 3.0,7 - 3.0,7
07:32:16 [debug] saving file...
07:32:16 [trace] opening file for writing...
07:32:16 [debug] save complete.
07:32:16 [trace] playSub() called
07:32:16 [trace] goal: 0 goalRow: 0
07:32:16 [trace] playSub() took 16µs
07:32:26 [trace] end of orders reached
07:32:26 [debug] last loop pos: 448 for a size of 1024 and runLeftG of 147456
07:32:36 [trace] end of orders reached
07:32:36 [debug] last loop pos: 896 for a size of 1024 and runLeftG of 32768
07:32:45 [trace] end of orders reached
07:32:45 [debug] last loop pos: 320 for a size of 1024 and runLeftG of 180224
07:32:55 [trace] end of orders reached
07:32:55 [debug] last loop pos: 768 for a size of 1024 and runLeftG of 65536
07:33:02 [trace] backupPath: /home/killar/.config/furnace/backups
07:33:02 [trace] curFileName: /home/killar/Documents/furnace/projects/NES/kirby_title.fur
07:33:02 [debug] saving backup...
07:33:02 [trace] writing file...
07:33:02 [debug] backup saved.
07:33:04 [trace] end of orders reached
07:33:04 [debug] last loop pos: 192 for a size of 1024 and runLeftG of 212992
07:33:14 [trace] end of orders reached
07:33:14 [debug] last loop pos: 640 for a size of 1024 and runLeftG of 98304
07:33:24 [trace] end of orders reached
07:33:24 [debug] last loop pos: 64 for a size of 1024 and runLeftG of 245760
07:33:32 [trace] backupPath: /home/killar/.config/furnace/backups
07:33:32 [trace] curFileName: /home/killar/Documents/furnace/projects/NES/kirby_title.fur
07:33:32 [debug] saving backup...
07:33:32 [trace] writing file...
07:33:32 [debug] backup saved.
07:33:45 [trace] finish selection: 3.1,3 - 3.1,3
07:33:48 [trace] finish selection: 3.1,3 - 3.1,3
07:33:48 [trace] finish selection: 3.1,4 - 3.1,4
07:33:49 [trace] finish selection: 3.1,5 - 3.1,5
07:33:49 [trace] finish selection: 3.1,6 - 3.1,6
07:33:49 [trace] finish selection: 3.1,7 - 3.1,7
07:33:49 [trace] finish selection: 3.1,8 - 3.1,8
07:33:49 [trace] finish selection: 3.1,9 - 3.1,9
07:33:49 [trace] finish selection: 3.1,10 - 3.1,10
07:33:49 [trace] finish selection: 3.1,11 - 3.1,11
07:33:49 [trace] finish selection: 3.1,12 - 3.1,12
07:33:50 [trace] finish selection: 3.1,13 - 3.1,13
07:33:50 [trace] finish selection: 3.1,14 - 3.1,14
07:33:50 [trace] finish selection: 3.1,15 - 3.1,15
07:33:50 [trace] finish selection: 3.1,16 - 3.1,16
07:33:50 [trace] finish selection: 3.1,17 - 3.1,17
07:33:51 [trace] finish selection: 3.1,18 - 3.1,18
07:33:51 [trace] finish selection: 3.1,19 - 3.1,19
07:33:51 [trace] finish selection: 3.1,20 - 3.1,20
07:33:52 [trace] finish selection: 3.1,21 - 3.1,21
07:33:52 [trace] finish selection: 3.1,22 - 3.1,22
07:33:52 [trace] finish selection: 3.1,23 - 3.1,23
07:33:52 [trace] finish selection: 3.1,24 - 3.1,24
07:33:52 [trace] finish selection: 3.1,25 - 3.1,25
07:33:52 [trace] finish selection: 3.1,26 - 3.1,26
07:33:52 [trace] finish selection: 3.1,27 - 3.1,27
07:33:52 [trace] finish selection: 3.1,28 - 3.1,28
07:33:52 [trace] finish selection: 3.1,27 - 3.1,27
07:33:53 [trace] finish selection: 3.1,28 - 3.1,28
07:33:53 [trace] finish selection: 3.1,29 - 3.1,29
07:33:53 [trace] finish selection: 3.1,30 - 3.1,30
07:33:53 [trace] finish selection: 3.1,31 - 3.1,31
07:33:53 [trace] finish selection: 3.1,32 - 3.1,32
07:33:53 [trace] finish selection: 3.1,33 - 3.1,33
07:33:54 [trace] finish selection: 3.1,34 - 3.1,34
07:33:54 [trace] finish selection: 3.1,35 - 3.1,35
07:33:54 [trace] finish selection: 3.1,36 - 3.1,36
07:33:55 [trace] finish selection: 3.1,37 - 3.1,37
07:33:55 [trace] finish selection: 3.1,38 - 3.1,38
07:33:55 [trace] finish selection: 3.1,39 - 3.1,39
07:33:55 [trace] finish selection: 3.1,40 - 3.1,40
07:33:55 [trace] finish selection: 3.1,41 - 3.1,41
07:33:55 [trace] finish selection: 3.1,42 - 3.1,42
07:33:55 [trace] finish selection: 3.1,43 - 3.1,43
07:33:56 [trace] finish selection: 3.1,44 - 3.1,44
07:33:56 [trace] finish selection: 3.1,45 - 3.1,45
07:33:56 [trace] finish selection: 3.1,46 - 3.1,46
07:33:56 [trace] finish selection: 3.1,47 - 3.1,47
07:33:56 [trace] finish selection: 3.1,48 - 3.1,48
07:33:56 [trace] finish selection: 3.1,49 - 3.1,49
07:33:56 [trace] finish selection: 3.1,50 - 3.1,50
07:33:56 [trace] finish selection: 3.1,51 - 3.1,51
07:33:57 [trace] finish selection: 3.1,52 - 3.1,52
07:33:57 [trace] finish selection: 3.1,51 - 3.1,51
07:33:58 [debug] saving file...
07:33:58 [trace] opening file for writing...
07:33:58 [debug] save complete.
07:33:59 [trace] playSub() called
07:33:59 [trace] goal: 0 goalRow: 0
07:33:59 [trace] playSub() took 24µs
07:34:09 [trace] end of orders reached
07:34:09 [debug] last loop pos: 448 for a size of 1024 and runLeftG of 147456
07:34:10 [trace] backupPath: /home/killar/.config/furnace/backups
07:34:10 [trace] curFileName: /home/killar/Documents/furnace/projects/NES/kirby_title.fur
07:34:10 [debug] saving backup...
07:34:10 [trace] writing file...
07:34:10 [debug] backup saved.
07:34:18 [trace] end of orders reached
07:34:18 [debug] last loop pos: 896 for a size of 1024 and runLeftG of 32768
07:34:21 [trace] playSub() called
07:34:21 [trace] goal: 0 goalRow: 0
07:34:21 [trace] playSub() took 21µs
07:34:21 [trace] playSub() called
07:34:21 [trace] goal: 0 goalRow: 0
07:34:21 [trace] playSub() took 9µs
07:34:22 [debug] saving file...
07:34:22 [trace] opening file for writing...
07:34:22 [debug] save complete.
07:34:30 [trace] end of orders reached
07:34:30 [debug] last loop pos: 448 for a size of 1024 and runLeftG of 147456
07:34:40 [trace] end of orders reached
07:34:40 [debug] last loop pos: 896 for a size of 1024 and runLeftG of 32768
07:34:40 [debug] saving file...
07:34:40 [trace] opening file for writing...
07:34:40 [debug] save complete.
07:34:45 [debug] saving file...
07:34:45 [trace] opening file for writing...
07:34:45 [debug] save complete.
07:34:47 [info] closing GUI.
07:34:47 [info] stopping engine.
07:34:47 [info] closing audio output.
07:34:47 [info] closing MIDI input.
07:34:47 [trace] terminating dispatch...
07:34:47 [info] saving config.
07:34:47 [debug] rotating config files...
07:34:47 [trace] remove /home/killar/.config/furnace/furnace.cfg.4
07:34:47 [trace] move /home/killar/.config/furnace/furnace.cfg.3 to /home/killar/.config/furnace/furnace.cfg.4
07:34:47 [trace] move /home/killar/.config/furnace/furnace.cfg.2 to /home/killar/.config/furnace/furnace.cfg.3
07:34:47 [trace] move /home/killar/.config/furnace/furnace.cfg.1 to /home/killar/.config/furnace/furnace.cfg.2
07:34:47 [trace] move /home/killar/.config/furnace/furnace.cfg to /home/killar/.config/furnace/furnace.cfg.1
07:34:47 [debug] opening config for write: /home/killar/.config/furnace/furnace.cfg
07:34:47 [debug] config file written successfully.
